<?xml version="1.0" encoding="UTF-8"?>
<testsuite name="example.HelloWorldTests" tests="3" skipped="0" failures="0" errors="0" timestamp="2021-10-21T12:22:57" hostname="mhertdacore-a01.vmware.com" time="18.329">
  <properties/>
  <testcase name="authenticatedUserLogsOut()" classname="example.HelloWorldTests" time="13.785"/>
  <testcase name="authenticatedUserIsSentToOriginalPage()" classname="example.HelloWorldTests" time="3.755"/>
  <testcase name="accessHomePageWithUnauthenticatedUserSendsToLoginPage()" classname="example.HelloWorldTests" time="0.787"/>
  <system-out><![CDATA[]]></system-out>
  <system-err><![CDATA[Oct 21, 2021 9:23:08 AM com.gargoylesoftware.htmlunit.DefaultCssErrorHandler error
WARNING: CSS error: 'http://localhost:58264/resources/css/bootstrap.css' [28:3] Error in declaration. '*' is not allowed as first char of a property.
Oct 21, 2021 9:23:08 AM com.gargoylesoftware.htmlunit.DefaultCssErrorHandler error
WARNING: CSS error: 'http://localhost:58264/resources/css/bootstrap.css' [29:3] Error in declaration. '*' is not allowed as first char of a property.
Oct 21, 2021 9:23:08 AM com.gargoylesoftware.htmlunit.DefaultCssErrorHandler error
WARNING: CSS error: 'http://localhost:58264/resources/css/bootstrap.css' [94:3] Error in declaration. '*' is not allowed as first char of a property.
Oct 21, 2021 9:23:08 AM com.gargoylesoftware.htmlunit.DefaultCssErrorHandler error
WARNING: CSS error: 'http://localhost:58264/resources/css/bootstrap.css' [193:3] Error in declaration. '*' is not allowed as first char of a property.
Oct 21, 2021 9:23:08 AM com.gargoylesoftware.htmlunit.DefaultCssErrorHandler error
WARNING: CSS error: 'http://localhost:58264/resources/css/bootstrap.css' [267:3] Error in declaration. '*' is not allowed as first char of a property.
Oct 21, 2021 9:23:08 AM com.gargoylesoftware.htmlunit.DefaultCssErrorHandler error
WARNING: CSS error: 'http://localhost:58264/resources/css/bootstrap.css' [392:3] Error in declaration. '*' is not allowed as first char of a property.
Oct 21, 2021 9:23:08 AM com.gargoylesoftware.htmlunit.DefaultCssErrorHandler error
WARNING: CSS error: 'http://localhost:58264/resources/css/bootstrap.css' [412:3] Error in declaration. '*' is not allowed as first char of a property.
Oct 21, 2021 9:23:08 AM com.gargoylesoftware.htmlunit.DefaultCssErrorHandler error
WARNING: CSS error: 'http://localhost:58264/resources/css/bootstrap.css' [428:3] Error in declaration. '*' is not allowed as first char of a property.
Oct 21, 2021 9:23:08 AM com.gargoylesoftware.htmlunit.DefaultCssErrorHandler error
WARNING: CSS error: 'http://localhost:58264/resources/css/bootstrap.css' [433:3] Error in declaration. '*' is not allowed as first char of a property.
Oct 21, 2021 9:23:08 AM com.gargoylesoftware.htmlunit.DefaultCssErrorHandler error
WARNING: CSS error: 'http://localhost:58264/resources/css/bootstrap.css' [438:3] Error in declaration. '*' is not allowed as first char of a property.
Oct 21, 2021 9:23:08 AM com.gargoylesoftware.htmlunit.DefaultCssErrorHandler error
WARNING: CSS error: 'http://localhost:58264/resources/css/bootstrap.css' [443:3] Error in declaration. '*' is not allowed as first char of a property.
Oct 21, 2021 9:23:08 AM com.gargoylesoftware.htmlunit.DefaultCssErrorHandler error
WARNING: CSS error: 'http://localhost:58264/resources/css/bootstrap.css' [448:3] Error in declaration. '*' is not allowed as first char of a property.
Oct 21, 2021 9:23:08 AM com.gargoylesoftware.htmlunit.DefaultCssErrorHandler error
WARNING: CSS error: 'http://localhost:58264/resources/css/bootstrap.css' [453:3] Error in declaration. '*' is not allowed as first char of a property.
Oct 21, 2021 9:23:08 AM com.gargoylesoftware.htmlunit.DefaultCssErrorHandler error
WARNING: CSS error: 'http://localhost:58264/resources/css/bootstrap.css' [458:3] Error in declaration. '*' is not allowed as first char of a property.
Oct 21, 2021 9:23:08 AM com.gargoylesoftware.htmlunit.DefaultCssErrorHandler error
WARNING: CSS error: 'http://localhost:58264/resources/css/bootstrap.css' [463:3] Error in declaration. '*' is not allowed as first char of a property.
Oct 21, 2021 9:23:08 AM com.gargoylesoftware.htmlunit.DefaultCssErrorHandler error
WARNING: CSS error: 'http://localhost:58264/resources/css/bootstrap.css' [468:3] Error in declaration. '*' is not allowed as first char of a property.
Oct 21, 2021 9:23:08 AM com.gargoylesoftware.htmlunit.DefaultCssErrorHandler error
WARNING: CSS error: 'http://localhost:58264/resources/css/bootstrap.css' [473:3] Error in declaration. '*' is not allowed as first char of a property.
Oct 21, 2021 9:23:08 AM com.gargoylesoftware.htmlunit.DefaultCssErrorHandler error
WARNING: CSS error: 'http://localhost:58264/resources/css/bootstrap.css' [478:3] Error in declaration. '*' is not allowed as first char of a property.
Oct 21, 2021 9:23:08 AM com.gargoylesoftware.htmlunit.DefaultCssErrorHandler error
WARNING: CSS error: 'http://localhost:58264/resources/css/bootstrap.css' [483:3] Error in declaration. '*' is not allowed as first char of a property.
Oct 21, 2021 9:23:08 AM com.gargoylesoftware.htmlunit.DefaultCssErrorHandler error
WARNING: CSS error: 'http://localhost:58264/resources/css/bootstrap.css' [488:3] Error in declaration. '*' is not allowed as first char of a property.
Oct 21, 2021 9:23:08 AM com.gargoylesoftware.htmlunit.DefaultCssErrorHandler error
WARNING: CSS error: 'http://localhost:58264/resources/css/bootstrap.css' [493:3] Error in declaration. '*' is not allowed as first char of a property.
Oct 21, 2021 9:23:08 AM com.gargoylesoftware.htmlunit.DefaultCssErrorHandler error
WARNING: CSS error: 'http://localhost:58264/resources/css/bootstrap.css' [498:3] Error in declaration. '*' is not allowed as first char of a property.
Oct 21, 2021 9:23:08 AM com.gargoylesoftware.htmlunit.DefaultCssErrorHandler error
WARNING: CSS error: 'http://localhost:58264/resources/css/bootstrap.css' [503:3] Error in declaration. '*' is not allowed as first char of a property.
Oct 21, 2021 9:23:08 AM com.gargoylesoftware.htmlunit.DefaultCssErrorHandler error
WARNING: CSS error: 'http://localhost:58264/resources/css/bootstrap.css' [508:3] Error in declaration. '*' is not allowed as first char of a property.
Oct 21, 2021 9:23:08 AM com.gargoylesoftware.htmlunit.DefaultCssErrorHandler error
WARNING: CSS error: 'http://localhost:58264/resources/css/bootstrap.css' [513:3] Error in declaration. '*' is not allowed as first char of a property.
Oct 21, 2021 9:23:08 AM com.gargoylesoftware.htmlunit.DefaultCssErrorHandler error
WARNING: CSS error: 'http://localhost:58264/resources/css/bootstrap.css' [518:3] Error in declaration. '*' is not allowed as first char of a property.
Oct 21, 2021 9:23:08 AM com.gargoylesoftware.htmlunit.DefaultCssErrorHandler error
WARNING: CSS error: 'http://localhost:58264/resources/css/bootstrap.css' [523:3] Error in declaration. '*' is not allowed as first char of a property.
Oct 21, 2021 9:23:08 AM com.gargoylesoftware.htmlunit.DefaultCssErrorHandler error
WARNING: CSS error: 'http://localhost:58264/resources/css/bootstrap.css' [528:3] Error in declaration. '*' is not allowed as first char of a property.
Oct 21, 2021 9:23:08 AM com.gargoylesoftware.htmlunit.DefaultCssErrorHandler error
WARNING: CSS error: 'http://localhost:58264/resources/css/bootstrap.css' [533:3] Error in declaration. '*' is not allowed as first char of a property.
Oct 21, 2021 9:23:08 AM com.gargoylesoftware.htmlunit.DefaultCssErrorHandler error
WARNING: CSS error: 'http://localhost:58264/resources/css/bootstrap.css' [538:3] Error in declaration. '*' is not allowed as first char of a property.
Oct 21, 2021 9:23:08 AM com.gargoylesoftware.htmlunit.DefaultCssErrorHandler error
WARNING: CSS error: 'http://localhost:58264/resources/css/bootstrap.css' [543:3] Error in declaration. '*' is not allowed as first char of a property.
Oct 21, 2021 9:23:08 AM com.gargoylesoftware.htmlunit.DefaultCssErrorHandler error
WARNING: CSS error: 'http://localhost:58264/resources/css/bootstrap.css' [548:3] Error in declaration. '*' is not allowed as first char of a property.
Oct 21, 2021 9:23:08 AM com.gargoylesoftware.htmlunit.DefaultCssErrorHandler error
WARNING: CSS error: 'http://localhost:58264/resources/css/bootstrap.css' [553:3] Error in declaration. '*' is not allowed as first char of a property.
Oct 21, 2021 9:23:08 AM com.gargoylesoftware.htmlunit.DefaultCssErrorHandler error
WARNING: CSS error: 'http://localhost:58264/resources/css/bootstrap.css' [558:3] Error in declaration. '*' is not allowed as first char of a property.
Oct 21, 2021 9:23:08 AM com.gargoylesoftware.htmlunit.DefaultCssErrorHandler error
WARNING: CSS error: 'http://localhost:58264/resources/css/bootstrap.css' [563:3] Error in declaration. '*' is not allowed as first char of a property.
Oct 21, 2021 9:23:08 AM com.gargoylesoftware.htmlunit.DefaultCssErrorHandler error
WARNING: CSS error: 'http://localhost:58264/resources/css/bootstrap.css' [568:3] Error in declaration. '*' is not allowed as first char of a property.
Oct 21, 2021 9:23:08 AM com.gargoylesoftware.htmlunit.DefaultCssErrorHandler error
WARNING: CSS error: 'http://localhost:58264/resources/css/bootstrap.css' [573:3] Error in declaration. '*' is not allowed as first char of a property.
Oct 21, 2021 9:23:08 AM com.gargoylesoftware.htmlunit.DefaultCssErrorHandler error
WARNING: CSS error: 'http://localhost:58264/resources/css/bootstrap.css' [578:3] Error in declaration. '*' is not allowed as first char of a property.
Oct 21, 2021 9:23:08 AM com.gargoylesoftware.htmlunit.DefaultCssErrorHandler error
WARNING: CSS error: 'http://localhost:58264/resources/css/bootstrap.css' [583:3] Error in declaration. '*' is not allowed as first char of a property.
Oct 21, 2021 9:23:08 AM com.gargoylesoftware.htmlunit.DefaultCssErrorHandler error
WARNING: CSS error: 'http://localhost:58264/resources/css/bootstrap.css' [588:3] Error in declaration. '*' is not allowed as first char of a property.
Oct 21, 2021 9:23:08 AM com.gargoylesoftware.htmlunit.DefaultCssErrorHandler error
WARNING: CSS error: 'http://localhost:58264/resources/css/bootstrap.css' [593:3] Error in declaration. '*' is not allowed as first char of a property.
Oct 21, 2021 9:23:08 AM com.gargoylesoftware.htmlunit.DefaultCssErrorHandler error
WARNING: CSS error: 'http://localhost:58264/resources/css/bootstrap.css' [598:3] Error in declaration. '*' is not allowed as first char of a property.
Oct 21, 2021 9:23:08 AM com.gargoylesoftware.htmlunit.DefaultCssErrorHandler error
WARNING: CSS error: 'http://localhost:58264/resources/css/bootstrap.css' [603:3] Error in declaration. '*' is not allowed as first char of a property.
Oct 21, 2021 9:23:08 AM com.gargoylesoftware.htmlunit.DefaultCssErrorHandler error
WARNING: CSS error: 'http://localhost:58264/resources/css/bootstrap.css' [619:3] Error in declaration. '*' is not allowed as first char of a property.
Oct 21, 2021 9:23:08 AM com.gargoylesoftware.htmlunit.DefaultCssErrorHandler error
WARNING: CSS error: 'http://localhost:58264/resources/css/bootstrap.css' [636:3] Error in declaration. '*' is not allowed as first char of a property.
Oct 21, 2021 9:23:08 AM com.gargoylesoftware.htmlunit.DefaultCssErrorHandler error
WARNING: CSS error: 'http://localhost:58264/resources/css/bootstrap.css' [848:3] Error in declaration. '*' is not allowed as first char of a property.
Oct 21, 2021 9:23:08 AM com.gargoylesoftware.htmlunit.DefaultCssErrorHandler error
WARNING: CSS error: 'http://localhost:58264/resources/css/bootstrap.css' [1153:3] Error in declaration. '*' is not allowed as first char of a property.
Oct 21, 2021 9:23:08 AM com.gargoylesoftware.htmlunit.DefaultCssErrorHandler error
WARNING: CSS error: 'http://localhost:58264/resources/css/bootstrap.css' [1172:3] Error in declaration. '*' is not allowed as first char of a property.
Oct 21, 2021 9:23:08 AM com.gargoylesoftware.htmlunit.DefaultCssErrorHandler error
WARNING: CSS error: 'http://localhost:58264/resources/css/bootstrap.css' [1396:3] Error in declaration. '*' is not allowed as first char of a property.
Oct 21, 2021 9:23:09 AM com.gargoylesoftware.htmlunit.DefaultCssErrorHandler error
WARNING: CSS error: 'http://localhost:58264/resources/css/bootstrap.css' [1615:3] Error in declaration. '*' is not allowed as first char of a property.
Oct 21, 2021 9:23:09 AM com.gargoylesoftware.htmlunit.DefaultCssErrorHandler error
WARNING: CSS error: 'http://localhost:58264/resources/css/bootstrap.css' [1641:3] Error in declaration. '*' is not allowed as first char of a property.
Oct 21, 2021 9:23:09 AM com.gargoylesoftware.htmlunit.DefaultCssErrorHandler error
WARNING: CSS error: 'http://localhost:58264/resources/css/bootstrap.css' [1644:3] Error in declaration. '*' is not allowed as first char of a property.
Oct 21, 2021 9:23:09 AM com.gargoylesoftware.htmlunit.DefaultCssErrorHandler error
WARNING: CSS error: 'http://localhost:58264/resources/css/bootstrap.css' [1673:3] Error in declaration. '*' is not allowed as first char of a property.
Oct 21, 2021 9:23:09 AM com.gargoylesoftware.htmlunit.DefaultCssErrorHandler error
WARNING: CSS error: 'http://localhost:58264/resources/css/bootstrap.css' [1869:3] Error in declaration. '*' is not allowed as first char of a property.
Oct 21, 2021 9:23:09 AM com.gargoylesoftware.htmlunit.DefaultCssErrorHandler error
WARNING: CSS error: 'http://localhost:58264/resources/css/bootstrap.css' [1872:3] Error in declaration. '*' is not allowed as first char of a property.
Oct 21, 2021 9:23:09 AM com.gargoylesoftware.htmlunit.DefaultCssErrorHandler error
WARNING: CSS error: 'http://localhost:58264/resources/css/bootstrap.css' [1924:3] Error in declaration. '*' is not allowed as first char of a property.
Oct 21, 2021 9:23:09 AM com.gargoylesoftware.htmlunit.DefaultCssErrorHandler error
WARNING: CSS error: 'http://localhost:58264/resources/css/bootstrap.css' [1946:3] Error in declaration. '*' is not allowed as first char of a property.
Oct 21, 2021 9:23:09 AM com.gargoylesoftware.htmlunit.DefaultCssErrorHandler error
WARNING: CSS error: 'http://localhost:58264/resources/css/bootstrap.css' [1947:3] Error in declaration. '*' is not allowed as first char of a property.
Oct 21, 2021 9:23:09 AM com.gargoylesoftware.htmlunit.DefaultCssErrorHandler error
WARNING: CSS error: 'http://localhost:58264/resources/css/bootstrap.css' [1949:3] Error in declaration. '*' is not allowed as first char of a property.
Oct 21, 2021 9:23:09 AM com.gargoylesoftware.htmlunit.DefaultCssErrorHandler error
WARNING: CSS error: 'http://localhost:58264/resources/css/bootstrap.css' [1953:3] Error in declaration. '*' is not allowed as first char of a property.
Oct 21, 2021 9:23:09 AM com.gargoylesoftware.htmlunit.DefaultCssErrorHandler error
WARNING: CSS error: 'http://localhost:58264/resources/css/bootstrap.css' [2027:3] Error in declaration. '*' is not allowed as first char of a property.
Oct 21, 2021 9:23:09 AM com.gargoylesoftware.htmlunit.DefaultCssErrorHandler error
WARNING: CSS error: 'http://localhost:58264/resources/css/bootstrap.css' [2252:3] Error in declaration. '*' is not allowed as first char of a property.
Oct 21, 2021 9:23:09 AM com.gargoylesoftware.htmlunit.DefaultCssErrorHandler error
WARNING: CSS error: 'http://localhost:58264/resources/css/bootstrap.css' [2846:3] Error in declaration. '*' is not allowed as first char of a property.
Oct 21, 2021 9:23:09 AM com.gargoylesoftware.htmlunit.DefaultCssErrorHandler error
WARNING: CSS error: 'http://localhost:58264/resources/css/bootstrap.css' [2884:3] Error in declaration. '*' is not allowed as first char of a property.
Oct 21, 2021 9:23:09 AM com.gargoylesoftware.htmlunit.DefaultCssErrorHandler error
WARNING: CSS error: 'http://localhost:58264/resources/css/bootstrap.css' [2885:3] Error in declaration. '*' is not allowed as first char of a property.
Oct 21, 2021 9:23:09 AM com.gargoylesoftware.htmlunit.DefaultCssErrorHandler error
WARNING: CSS error: 'http://localhost:58264/resources/css/bootstrap.css' [2903:3] Error in declaration. '*' is not allowed as first char of a property.
Oct 21, 2021 9:23:09 AM com.gargoylesoftware.htmlunit.DefaultCssErrorHandler error
WARNING: CSS error: 'http://localhost:58264/resources/css/bootstrap.css' [2906:3] Error in declaration. '*' is not allowed as first char of a property.
Oct 21, 2021 9:23:09 AM com.gargoylesoftware.htmlunit.DefaultCssErrorHandler error
WARNING: CSS error: 'http://localhost:58264/resources/css/bootstrap.css' [2966:3] Error in declaration. '*' is not allowed as first char of a property.
Oct 21, 2021 9:23:09 AM com.gargoylesoftware.htmlunit.DefaultCssErrorHandler error
WARNING: CSS error: 'http://localhost:58264/resources/css/bootstrap.css' [3151:3] Error in declaration. '*' is not allowed as first char of a property.
Oct 21, 2021 9:23:09 AM com.gargoylesoftware.htmlunit.DefaultCssErrorHandler error
WARNING: CSS error: 'http://localhost:58264/resources/css/bootstrap.css' [3154:3] Error in declaration. '*' is not allowed as first char of a property.
Oct 21, 2021 9:23:09 AM com.gargoylesoftware.htmlunit.DefaultCssErrorHandler error
WARNING: CSS error: 'http://localhost:58264/resources/css/bootstrap.css' [3163:3] Error in declaration. '*' is not allowed as first char of a property.
Oct 21, 2021 9:23:09 AM com.gargoylesoftware.htmlunit.DefaultCssErrorHandler error
WARNING: CSS error: 'http://localhost:58264/resources/css/bootstrap.css' [3171:3] Error in declaration. '*' is not allowed as first char of a property.
Oct 21, 2021 9:23:09 AM com.gargoylesoftware.htmlunit.DefaultCssErrorHandler error
WARNING: CSS error: 'http://localhost:58264/resources/css/bootstrap.css' [3180:3] Error in declaration. '*' is not allowed as first char of a property.
Oct 21, 2021 9:23:09 AM com.gargoylesoftware.htmlunit.DefaultCssErrorHandler error
WARNING: CSS error: 'http://localhost:58264/resources/css/bootstrap.css' [3193:3] Error in declaration. '*' is not allowed as first char of a property.
Oct 21, 2021 9:23:09 AM com.gargoylesoftware.htmlunit.DefaultCssErrorHandler error
WARNING: CSS error: 'http://localhost:58264/resources/css/bootstrap.css' [3202:3] Error in declaration. '*' is not allowed as first char of a property.
Oct 21, 2021 9:23:09 AM com.gargoylesoftware.htmlunit.DefaultCssErrorHandler error
WARNING: CSS error: 'http://localhost:58264/resources/css/bootstrap.css' [3318:3] Error in declaration. '*' is not allowed as first char of a property.
Oct 21, 2021 9:23:09 AM com.gargoylesoftware.htmlunit.DefaultCssErrorHandler error
WARNING: CSS error: 'http://localhost:58264/resources/css/bootstrap.css' [3338:3] Error in declaration. '*' is not allowed as first char of a property.
Oct 21, 2021 9:23:09 AM com.gargoylesoftware.htmlunit.DefaultCssErrorHandler error
WARNING: CSS error: 'http://localhost:58264/resources/css/bootstrap.css' [3350:3] Error in declaration. '*' is not allowed as first char of a property.
Oct 21, 2021 9:23:09 AM com.gargoylesoftware.htmlunit.DefaultCssErrorHandler error
WARNING: CSS error: 'http://localhost:58264/resources/css/bootstrap.css' [3370:3] Error in declaration. '*' is not allowed as first char of a property.
Oct 21, 2021 9:23:09 AM com.gargoylesoftware.htmlunit.DefaultCssErrorHandler error
WARNING: CSS error: 'http://localhost:58264/resources/css/bootstrap.css' [3382:3] Error in declaration. '*' is not allowed as first char of a property.
Oct 21, 2021 9:23:09 AM com.gargoylesoftware.htmlunit.DefaultCssErrorHandler error
WARNING: CSS error: 'http://localhost:58264/resources/css/bootstrap.css' [3402:3] Error in declaration. '*' is not allowed as first char of a property.
Oct 21, 2021 9:23:09 AM com.gargoylesoftware.htmlunit.DefaultCssErrorHandler error
WARNING: CSS error: 'http://localhost:58264/resources/css/bootstrap.css' [3414:3] Error in declaration. '*' is not allowed as first char of a property.
Oct 21, 2021 9:23:09 AM com.gargoylesoftware.htmlunit.DefaultCssErrorHandler error
WARNING: CSS error: 'http://localhost:58264/resources/css/bootstrap.css' [3434:3] Error in declaration. '*' is not allowed as first char of a property.
Oct 21, 2021 9:23:09 AM com.gargoylesoftware.htmlunit.DefaultCssErrorHandler error
WARNING: CSS error: 'http://localhost:58264/resources/css/bootstrap.css' [3446:3] Error in declaration. '*' is not allowed as first char of a property.
Oct 21, 2021 9:23:09 AM com.gargoylesoftware.htmlunit.DefaultCssErrorHandler error
WARNING: CSS error: 'http://localhost:58264/resources/css/bootstrap.css' [3466:3] Error in declaration. '*' is not allowed as first char of a property.
Oct 21, 2021 9:23:09 AM com.gargoylesoftware.htmlunit.DefaultCssErrorHandler error
WARNING: CSS error: 'http://localhost:58264/resources/css/bootstrap.css' [3478:3] Error in declaration. '*' is not allowed as first char of a property.
Oct 21, 2021 9:23:09 AM com.gargoylesoftware.htmlunit.DefaultCssErrorHandler error
WARNING: CSS error: 'http://localhost:58264/resources/css/bootstrap.css' [3498:3] Error in declaration. '*' is not allowed as first char of a property.
Oct 21, 2021 9:23:09 AM com.gargoylesoftware.htmlunit.DefaultCssErrorHandler error
WARNING: CSS error: 'http://localhost:58264/resources/css/bootstrap.css' [3508:3] Error in declaration. '*' is not allowed as first char of a property.
Oct 21, 2021 9:23:09 AM com.gargoylesoftware.htmlunit.DefaultCssErrorHandler error
WARNING: CSS error: 'http://localhost:58264/resources/css/bootstrap.css' [3509:3] Error in declaration. '*' is not allowed as first char of a property.
Oct 21, 2021 9:23:09 AM com.gargoylesoftware.htmlunit.DefaultCssErrorHandler error
WARNING: CSS error: 'http://localhost:58264/resources/css/bootstrap.css' [3520:3] Error in declaration. '*' is not allowed as first char of a property.
Oct 21, 2021 9:23:09 AM com.gargoylesoftware.htmlunit.DefaultCssErrorHandler error
WARNING: CSS error: 'http://localhost:58264/resources/css/bootstrap.css' [3521:3] Error in declaration. '*' is not allowed as first char of a property.
Oct 21, 2021 9:23:09 AM com.gargoylesoftware.htmlunit.DefaultCssErrorHandler error
WARNING: CSS error: 'http://localhost:58264/resources/css/bootstrap.css' [3526:3] Error in declaration. '*' is not allowed as first char of a property.
Oct 21, 2021 9:23:09 AM com.gargoylesoftware.htmlunit.DefaultCssErrorHandler error
WARNING: CSS error: 'http://localhost:58264/resources/css/bootstrap.css' [3527:3] Error in declaration. '*' is not allowed as first char of a property.
Oct 21, 2021 9:23:09 AM com.gargoylesoftware.htmlunit.DefaultCssErrorHandler error
WARNING: CSS error: 'http://localhost:58264/resources/css/bootstrap.css' [3532:3] Error in declaration. '*' is not allowed as first char of a property.
Oct 21, 2021 9:23:09 AM com.gargoylesoftware.htmlunit.DefaultCssErrorHandler error
WARNING: CSS error: 'http://localhost:58264/resources/css/bootstrap.css' [3533:3] Error in declaration. '*' is not allowed as first char of a property.
Oct 21, 2021 9:23:09 AM com.gargoylesoftware.htmlunit.DefaultCssErrorHandler error
WARNING: CSS error: 'http://localhost:58264/resources/css/bootstrap.css' [3569:3] Error in declaration. '*' is not allowed as first char of a property.
Oct 21, 2021 9:23:09 AM com.gargoylesoftware.htmlunit.DefaultCssErrorHandler error
WARNING: CSS error: 'http://localhost:58264/resources/css/bootstrap.css' [3570:3] Error in declaration. '*' is not allowed as first char of a property.
Oct 21, 2021 9:23:09 AM com.gargoylesoftware.htmlunit.DefaultCssErrorHandler error
WARNING: CSS error: 'http://localhost:58264/resources/css/bootstrap.css' [3574:3] Error in declaration. '*' is not allowed as first char of a property.
Oct 21, 2021 9:23:09 AM com.gargoylesoftware.htmlunit.DefaultCssErrorHandler error
WARNING: CSS error: 'http://localhost:58264/resources/css/bootstrap.css' [3578:3] Error in declaration. '*' is not allowed as first char of a property.
Oct 21, 2021 9:23:09 AM com.gargoylesoftware.htmlunit.DefaultCssErrorHandler error
WARNING: CSS error: 'http://localhost:58264/resources/css/bootstrap.css' [3679:3] Error in declaration. '*' is not allowed as first char of a property.
Oct 21, 2021 9:23:09 AM com.gargoylesoftware.htmlunit.DefaultCssErrorHandler error
WARNING: CSS error: 'http://localhost:58264/resources/css/bootstrap.css' [3681:3] Error in declaration. '*' is not allowed as first char of a property.
Oct 21, 2021 9:23:09 AM com.gargoylesoftware.htmlunit.DefaultCssErrorHandler error
WARNING: CSS error: 'http://localhost:58264/resources/css/bootstrap.css' [3689:3] Error in declaration. '*' is not allowed as first char of a property.
Oct 21, 2021 9:23:09 AM com.gargoylesoftware.htmlunit.DefaultCssErrorHandler error
WARNING: CSS error: 'http://localhost:58264/resources/css/bootstrap.css' [3691:3] Error in declaration. '*' is not allowed as first char of a property.
Oct 21, 2021 9:23:09 AM com.gargoylesoftware.htmlunit.DefaultCssErrorHandler error
WARNING: CSS error: 'http://localhost:58264/resources/css/bootstrap.css' [3696:3] Error in declaration. '*' is not allowed as first char of a property.
Oct 21, 2021 9:23:09 AM com.gargoylesoftware.htmlunit.DefaultCssErrorHandler error
WARNING: CSS error: 'http://localhost:58264/resources/css/bootstrap.css' [3697:3] Error in declaration. '*' is not allowed as first char of a property.
Oct 21, 2021 9:23:09 AM com.gargoylesoftware.htmlunit.DefaultCssErrorHandler error
WARNING: CSS error: 'http://localhost:58264/resources/css/bootstrap.css' [3701:3] Error in declaration. '*' is not allowed as first char of a property.
Oct 21, 2021 9:23:09 AM com.gargoylesoftware.htmlunit.DefaultCssErrorHandler error
WARNING: CSS error: 'http://localhost:58264/resources/css/bootstrap.css' [3703:3] Error in declaration. '*' is not allowed as first char of a property.
Oct 21, 2021 9:23:09 AM com.gargoylesoftware.htmlunit.DefaultCssErrorHandler error
WARNING: CSS error: 'http://localhost:58264/resources/css/bootstrap.css' [3775:3] Error in declaration. '*' is not allowed as first char of a property.
Oct 21, 2021 9:23:09 AM com.gargoylesoftware.htmlunit.DefaultCssErrorHandler error
WARNING: CSS error: 'http://localhost:58264/resources/css/bootstrap.css' [3778:3] Error in declaration. '*' is not allowed as first char of a property.
Oct 21, 2021 9:23:09 AM com.gargoylesoftware.htmlunit.DefaultCssErrorHandler error
WARNING: CSS error: 'http://localhost:58264/resources/css/bootstrap.css' [3960:3] Error in declaration. '*' is not allowed as first char of a property.
Oct 21, 2021 9:23:09 AM com.gargoylesoftware.htmlunit.DefaultCssErrorHandler error
WARNING: CSS error: 'http://localhost:58264/resources/css/bootstrap.css' [3963:3] Error in declaration. '*' is not allowed as first char of a property.
Oct 21, 2021 9:23:09 AM com.gargoylesoftware.htmlunit.DefaultCssErrorHandler error
WARNING: CSS error: 'http://localhost:58264/resources/css/bootstrap.css' [3971:3] Error in declaration. '*' is not allowed as first char of a property.
Oct 21, 2021 9:23:09 AM com.gargoylesoftware.htmlunit.DefaultCssErrorHandler error
WARNING: CSS error: 'http://localhost:58264/resources/css/bootstrap.css' [4163:3] Error in declaration. '*' is not allowed as first char of a property.
Oct 21, 2021 9:23:09 AM com.gargoylesoftware.htmlunit.DefaultCssErrorHandler error
WARNING: CSS error: 'http://localhost:58264/resources/css/bootstrap.css' [4254:3] Error in declaration. '*' is not allowed as first char of a property.
Oct 21, 2021 9:23:09 AM com.gargoylesoftware.htmlunit.DefaultCssErrorHandler error
WARNING: CSS error: 'http://localhost:58264/resources/css/bootstrap.css' [4277:3] Error in declaration. '*' is not allowed as first char of a property.
Oct 21, 2021 9:23:09 AM com.gargoylesoftware.htmlunit.DefaultCssErrorHandler error
WARNING: CSS error: 'http://localhost:58264/resources/css/bootstrap.css' [4291:3] Error in declaration. '*' is not allowed as first char of a property.
Oct 21, 2021 9:23:09 AM com.gargoylesoftware.htmlunit.DefaultCssErrorHandler error
WARNING: CSS error: 'http://localhost:58264/resources/css/bootstrap.css' [4292:3] Error in declaration. '*' is not allowed as first char of a property.
Oct 21, 2021 9:23:09 AM com.gargoylesoftware.htmlunit.DefaultCssErrorHandler error
WARNING: CSS error: 'http://localhost:58264/resources/css/bootstrap.css' [4313:3] Error in declaration. '*' is not allowed as first char of a property.
Oct 21, 2021 9:23:09 AM com.gargoylesoftware.htmlunit.DefaultCssErrorHandler error
WARNING: CSS error: 'http://localhost:58264/resources/css/bootstrap.css' [4388:3] Error in declaration. '*' is not allowed as first char of a property.
Oct 21, 2021 9:23:09 AM com.gargoylesoftware.htmlunit.DefaultCssErrorHandler error
WARNING: CSS error: 'http://localhost:58264/resources/css/bootstrap.css' [4573:3] Error in declaration. '*' is not allowed as first char of a property.
Oct 21, 2021 9:23:09 AM com.gargoylesoftware.htmlunit.DefaultCssErrorHandler error
WARNING: CSS error: 'http://localhost:58264/resources/css/bootstrap.css' [4596:3] Error in declaration. '*' is not allowed as first char of a property.
Oct 21, 2021 9:23:09 AM com.gargoylesoftware.htmlunit.DefaultCssErrorHandler error
WARNING: CSS error: 'http://localhost:58264/resources/css/bootstrap.css' [4835:3] Error in declaration. '*' is not allowed as first char of a property.
Oct 21, 2021 9:23:09 AM com.gargoylesoftware.htmlunit.DefaultCssErrorHandler error
WARNING: CSS error: 'http://localhost:58264/resources/css/bootstrap.css' [4855:3] Error in declaration. '*' is not allowed as first char of a property.
Oct 21, 2021 9:23:09 AM com.gargoylesoftware.htmlunit.DefaultCssErrorHandler error
WARNING: CSS error: 'http://localhost:58264/resources/css/bootstrap.css' [4875:3] Error in declaration. '*' is not allowed as first char of a property.
Oct 21, 2021 9:23:09 AM com.gargoylesoftware.htmlunit.DefaultCssErrorHandler error
WARNING: CSS error: 'http://localhost:58264/resources/css/bootstrap.css' [4877:3] Error in declaration. '*' is not allowed as first char of a property.
Oct 21, 2021 9:23:09 AM com.gargoylesoftware.htmlunit.DefaultCssErrorHandler error
WARNING: CSS error: 'http://localhost:58264/resources/css/bootstrap.css' [4895:3] Error in declaration. '*' is not allowed as first char of a property.
Oct 21, 2021 9:23:09 AM com.gargoylesoftware.htmlunit.DefaultCssErrorHandler error
WARNING: CSS error: 'http://localhost:58264/resources/css/bootstrap.css' [4901:3] Error in declaration. '*' is not allowed as first char of a property.
Oct 21, 2021 9:23:09 AM com.gargoylesoftware.htmlunit.DefaultCssErrorHandler error
WARNING: CSS error: 'http://localhost:58264/resources/css/bootstrap.css' [5037:3] Error in declaration. '*' is not allowed as first char of a property.
Oct 21, 2021 9:23:09 AM com.gargoylesoftware.htmlunit.DefaultCssErrorHandler error
WARNING: CSS error: 'http://localhost:58264/resources/css/bootstrap.css' [5119:3] Error in declaration. '*' is not allowed as first char of a property.
Oct 21, 2021 9:23:09 AM com.gargoylesoftware.htmlunit.DefaultCssErrorHandler error
WARNING: CSS error: 'http://localhost:58264/resources/css/bootstrap.css' [5178:3] Error in declaration. '*' is not allowed as first char of a property.
Oct 21, 2021 9:23:09 AM com.gargoylesoftware.htmlunit.DefaultCssErrorHandler error
WARNING: CSS error: 'http://localhost:58264/resources/css/bootstrap.css' [5435:3] Error in declaration. '*' is not allowed as first char of a property.
Oct 21, 2021 9:23:09 AM com.gargoylesoftware.htmlunit.DefaultCssErrorHandler error
WARNING: CSS error: 'http://localhost:58264/resources/css/bootstrap.css' [5498:3] Error in declaration. '*' is not allowed as first char of a property.
Oct 21, 2021 9:23:10 AM com.gargoylesoftware.htmlunit.DefaultCssErrorHandler error
WARNING: CSS error: 'http://localhost:58264/resources/css/bootstrap-responsive.css' [16:3] Error in declaration. '*' is not allowed as first char of a property.
Oct 21, 2021 9:23:10 AM com.gargoylesoftware.htmlunit.DefaultCssErrorHandler error
WARNING: CSS error: 'http://localhost:58264/resources/css/bootstrap-responsive.css' [101:5] Error in declaration. '*' is not allowed as first char of a property.
Oct 21, 2021 9:23:10 AM com.gargoylesoftware.htmlunit.DefaultCssErrorHandler error
WARNING: CSS error: 'http://localhost:58264/resources/css/bootstrap-responsive.css' [197:5] Error in declaration. '*' is not allowed as first char of a property.
Oct 21, 2021 9:23:10 AM com.gargoylesoftware.htmlunit.DefaultCssErrorHandler error
WARNING: CSS error: 'http://localhost:58264/resources/css/bootstrap-responsive.css' [214:5] Error in declaration. '*' is not allowed as first char of a property.
Oct 21, 2021 9:23:10 AM com.gargoylesoftware.htmlunit.DefaultCssErrorHandler error
WARNING: CSS error: 'http://localhost:58264/resources/css/bootstrap-responsive.css' [227:5] Error in declaration. '*' is not allowed as first char of a property.
Oct 21, 2021 9:23:10 AM com.gargoylesoftware.htmlunit.DefaultCssErrorHandler error
WARNING: CSS error: 'http://localhost:58264/resources/css/bootstrap-responsive.css' [231:5] Error in declaration. '*' is not allowed as first char of a property.
Oct 21, 2021 9:23:10 AM com.gargoylesoftware.htmlunit.DefaultCssErrorHandler error
WARNING: CSS error: 'http://localhost:58264/resources/css/bootstrap-responsive.css' [235:5] Error in declaration. '*' is not allowed as first char of a property.
Oct 21, 2021 9:23:10 AM com.gargoylesoftware.htmlunit.DefaultCssErrorHandler error
WARNING: CSS error: 'http://localhost:58264/resources/css/bootstrap-responsive.css' [239:5] Error in declaration. '*' is not allowed as first char of a property.
Oct 21, 2021 9:23:10 AM com.gargoylesoftware.htmlunit.DefaultCssErrorHandler error
WARNING: CSS error: 'http://localhost:58264/resources/css/bootstrap-responsive.css' [243:5] Error in declaration. '*' is not allowed as first char of a property.
Oct 21, 2021 9:23:10 AM com.gargoylesoftware.htmlunit.DefaultCssErrorHandler error
WARNING: CSS error: 'http://localhost:58264/resources/css/bootstrap-responsive.css' [247:5] Error in declaration. '*' is not allowed as first char of a property.
Oct 21, 2021 9:23:10 AM com.gargoylesoftware.htmlunit.DefaultCssErrorHandler error
WARNING: CSS error: 'http://localhost:58264/resources/css/bootstrap-responsive.css' [251:5] Error in declaration. '*' is not allowed as first char of a property.
Oct 21, 2021 9:23:10 AM com.gargoylesoftware.htmlunit.DefaultCssErrorHandler error
WARNING: CSS error: 'http://localhost:58264/resources/css/bootstrap-responsive.css' [255:5] Error in declaration. '*' is not allowed as first char of a property.
Oct 21, 2021 9:23:10 AM com.gargoylesoftware.htmlunit.DefaultCssErrorHandler error
WARNING: CSS error: 'http://localhost:58264/resources/css/bootstrap-responsive.css' [259:5] Error in declaration. '*' is not allowed as first char of a property.
Oct 21, 2021 9:23:10 AM com.gargoylesoftware.htmlunit.DefaultCssErrorHandler error
WARNING: CSS error: 'http://localhost:58264/resources/css/bootstrap-responsive.css' [263:5] Error in declaration. '*' is not allowed as first char of a property.
Oct 21, 2021 9:23:10 AM com.gargoylesoftware.htmlunit.DefaultCssErrorHandler error
WARNING: CSS error: 'http://localhost:58264/resources/css/bootstrap-responsive.css' [267:5] Error in declaration. '*' is not allowed as first char of a property.
Oct 21, 2021 9:23:10 AM com.gargoylesoftware.htmlunit.DefaultCssErrorHandler error
WARNING: CSS error: 'http://localhost:58264/resources/css/bootstrap-responsive.css' [271:5] Error in declaration. '*' is not allowed as first char of a property.
Oct 21, 2021 9:23:10 AM com.gargoylesoftware.htmlunit.DefaultCssErrorHandler error
WARNING: CSS error: 'http://localhost:58264/resources/css/bootstrap-responsive.css' [275:5] Error in declaration. '*' is not allowed as first char of a property.
Oct 21, 2021 9:23:10 AM com.gargoylesoftware.htmlunit.DefaultCssErrorHandler error
WARNING: CSS error: 'http://localhost:58264/resources/css/bootstrap-responsive.css' [279:5] Error in declaration. '*' is not allowed as first char of a property.
Oct 21, 2021 9:23:10 AM com.gargoylesoftware.htmlunit.DefaultCssErrorHandler error
WARNING: CSS error: 'http://localhost:58264/resources/css/bootstrap-responsive.css' [283:5] Error in declaration. '*' is not allowed as first char of a property.
Oct 21, 2021 9:23:10 AM com.gargoylesoftware.htmlunit.DefaultCssErrorHandler error
WARNING: CSS error: 'http://localhost:58264/resources/css/bootstrap-responsive.css' [287:5] Error in declaration. '*' is not allowed as first char of a property.
Oct 21, 2021 9:23:10 AM com.gargoylesoftware.htmlunit.DefaultCssErrorHandler error
WARNING: CSS error: 'http://localhost:58264/resources/css/bootstrap-responsive.css' [291:5] Error in declaration. '*' is not allowed as first char of a property.
Oct 21, 2021 9:23:10 AM com.gargoylesoftware.htmlunit.DefaultCssErrorHandler error
WARNING: CSS error: 'http://localhost:58264/resources/css/bootstrap-responsive.css' [295:5] Error in declaration. '*' is not allowed as first char of a property.
Oct 21, 2021 9:23:10 AM com.gargoylesoftware.htmlunit.DefaultCssErrorHandler error
WARNING: CSS error: 'http://localhost:58264/resources/css/bootstrap-responsive.css' [299:5] Error in declaration. '*' is not allowed as first char of a property.
Oct 21, 2021 9:23:10 AM com.gargoylesoftware.htmlunit.DefaultCssErrorHandler error
WARNING: CSS error: 'http://localhost:58264/resources/css/bootstrap-responsive.css' [303:5] Error in declaration. '*' is not allowed as first char of a property.
Oct 21, 2021 9:23:10 AM com.gargoylesoftware.htmlunit.DefaultCssErrorHandler error
WARNING: CSS error: 'http://localhost:58264/resources/css/bootstrap-responsive.css' [307:5] Error in declaration. '*' is not allowed as first char of a property.
Oct 21, 2021 9:23:10 AM com.gargoylesoftware.htmlunit.DefaultCssErrorHandler error
WARNING: CSS error: 'http://localhost:58264/resources/css/bootstrap-responsive.css' [311:5] Error in declaration. '*' is not allowed as first char of a property.
Oct 21, 2021 9:23:10 AM com.gargoylesoftware.htmlunit.DefaultCssErrorHandler error
WARNING: CSS error: 'http://localhost:58264/resources/css/bootstrap-responsive.css' [315:5] Error in declaration. '*' is not allowed as first char of a property.
Oct 21, 2021 9:23:10 AM com.gargoylesoftware.htmlunit.DefaultCssErrorHandler error
WARNING: CSS error: 'http://localhost:58264/resources/css/bootstrap-responsive.css' [319:5] Error in declaration. '*' is not allowed as first char of a property.
Oct 21, 2021 9:23:10 AM com.gargoylesoftware.htmlunit.DefaultCssErrorHandler error
WARNING: CSS error: 'http://localhost:58264/resources/css/bootstrap-responsive.css' [323:5] Error in declaration. '*' is not allowed as first char of a property.
Oct 21, 2021 9:23:10 AM com.gargoylesoftware.htmlunit.DefaultCssErrorHandler error
WARNING: CSS error: 'http://localhost:58264/resources/css/bootstrap-responsive.css' [327:5] Error in declaration. '*' is not allowed as first char of a property.
Oct 21, 2021 9:23:10 AM com.gargoylesoftware.htmlunit.DefaultCssErrorHandler error
WARNING: CSS error: 'http://localhost:58264/resources/css/bootstrap-responsive.css' [331:5] Error in declaration. '*' is not allowed as first char of a property.
Oct 21, 2021 9:23:10 AM com.gargoylesoftware.htmlunit.DefaultCssErrorHandler error
WARNING: CSS error: 'http://localhost:58264/resources/css/bootstrap-responsive.css' [335:5] Error in declaration. '*' is not allowed as first char of a property.
Oct 21, 2021 9:23:10 AM com.gargoylesoftware.htmlunit.DefaultCssErrorHandler error
WARNING: CSS error: 'http://localhost:58264/resources/css/bootstrap-responsive.css' [339:5] Error in declaration. '*' is not allowed as first char of a property.
Oct 21, 2021 9:23:10 AM com.gargoylesoftware.htmlunit.DefaultCssErrorHandler error
WARNING: CSS error: 'http://localhost:58264/resources/css/bootstrap-responsive.css' [343:5] Error in declaration. '*' is not allowed as first char of a property.
Oct 21, 2021 9:23:10 AM com.gargoylesoftware.htmlunit.DefaultCssErrorHandler error
WARNING: CSS error: 'http://localhost:58264/resources/css/bootstrap-responsive.css' [347:5] Error in declaration. '*' is not allowed as first char of a property.
Oct 21, 2021 9:23:10 AM com.gargoylesoftware.htmlunit.DefaultCssErrorHandler error
WARNING: CSS error: 'http://localhost:58264/resources/css/bootstrap-responsive.css' [351:5] Error in declaration. '*' is not allowed as first char of a property.
Oct 21, 2021 9:23:10 AM com.gargoylesoftware.htmlunit.DefaultCssErrorHandler error
WARNING: CSS error: 'http://localhost:58264/resources/css/bootstrap-responsive.css' [355:5] Error in declaration. '*' is not allowed as first char of a property.
Oct 21, 2021 9:23:10 AM com.gargoylesoftware.htmlunit.DefaultCssErrorHandler error
WARNING: CSS error: 'http://localhost:58264/resources/css/bootstrap-responsive.css' [359:5] Error in declaration. '*' is not allowed as first char of a property.
Oct 21, 2021 9:23:10 AM com.gargoylesoftware.htmlunit.DefaultCssErrorHandler error
WARNING: CSS error: 'http://localhost:58264/resources/css/bootstrap-responsive.css' [363:5] Error in declaration. '*' is not allowed as first char of a property.
Oct 21, 2021 9:23:10 AM com.gargoylesoftware.htmlunit.DefaultCssErrorHandler error
WARNING: CSS error: 'http://localhost:58264/resources/css/bootstrap-responsive.css' [367:5] Error in declaration. '*' is not allowed as first char of a property.
Oct 21, 2021 9:23:10 AM com.gargoylesoftware.htmlunit.DefaultCssErrorHandler error
WARNING: CSS error: 'http://localhost:58264/resources/css/bootstrap-responsive.css' [451:5] Error in declaration. '*' is not allowed as first char of a property.
Oct 21, 2021 9:23:10 AM com.gargoylesoftware.htmlunit.DefaultCssErrorHandler error
WARNING: CSS error: 'http://localhost:58264/resources/css/bootstrap-responsive.css' [547:5] Error in declaration. '*' is not allowed as first char of a property.
Oct 21, 2021 9:23:10 AM com.gargoylesoftware.htmlunit.DefaultCssErrorHandler error
WARNING: CSS error: 'http://localhost:58264/resources/css/bootstrap-responsive.css' [564:5] Error in declaration. '*' is not allowed as first char of a property.
Oct 21, 2021 9:23:10 AM com.gargoylesoftware.htmlunit.DefaultCssErrorHandler error
WARNING: CSS error: 'http://localhost:58264/resources/css/bootstrap-responsive.css' [577:5] Error in declaration. '*' is not allowed as first char of a property.
Oct 21, 2021 9:23:10 AM com.gargoylesoftware.htmlunit.DefaultCssErrorHandler error
WARNING: CSS error: 'http://localhost:58264/resources/css/bootstrap-responsive.css' [581:5] Error in declaration. '*' is not allowed as first char of a property.
Oct 21, 2021 9:23:10 AM com.gargoylesoftware.htmlunit.DefaultCssErrorHandler error
WARNING: CSS error: 'http://localhost:58264/resources/css/bootstrap-responsive.css' [585:5] Error in declaration. '*' is not allowed as first char of a property.
Oct 21, 2021 9:23:10 AM com.gargoylesoftware.htmlunit.DefaultCssErrorHandler error
WARNING: CSS error: 'http://localhost:58264/resources/css/bootstrap-responsive.css' [589:5] Error in declaration. '*' is not allowed as first char of a property.
Oct 21, 2021 9:23:10 AM com.gargoylesoftware.htmlunit.DefaultCssErrorHandler error
WARNING: CSS error: 'http://localhost:58264/resources/css/bootstrap-responsive.css' [593:5] Error in declaration. '*' is not allowed as first char of a property.
Oct 21, 2021 9:23:10 AM com.gargoylesoftware.htmlunit.DefaultCssErrorHandler error
WARNING: CSS error: 'http://localhost:58264/resources/css/bootstrap-responsive.css' [597:5] Error in declaration. '*' is not allowed as first char of a property.
Oct 21, 2021 9:23:10 AM com.gargoylesoftware.htmlunit.DefaultCssErrorHandler error
WARNING: CSS error: 'http://localhost:58264/resources/css/bootstrap-responsive.css' [601:5] Error in declaration. '*' is not allowed as first char of a property.
Oct 21, 2021 9:23:10 AM com.gargoylesoftware.htmlunit.DefaultCssErrorHandler error
WARNING: CSS error: 'http://localhost:58264/resources/css/bootstrap-responsive.css' [605:5] Error in declaration. '*' is not allowed as first char of a property.
Oct 21, 2021 9:23:10 AM com.gargoylesoftware.htmlunit.DefaultCssErrorHandler error
WARNING: CSS error: 'http://localhost:58264/resources/css/bootstrap-responsive.css' [609:5] Error in declaration. '*' is not allowed as first char of a property.
Oct 21, 2021 9:23:10 AM com.gargoylesoftware.htmlunit.DefaultCssErrorHandler error
WARNING: CSS error: 'http://localhost:58264/resources/css/bootstrap-responsive.css' [613:5] Error in declaration. '*' is not allowed as first char of a property.
Oct 21, 2021 9:23:10 AM com.gargoylesoftware.htmlunit.DefaultCssErrorHandler error
WARNING: CSS error: 'http://localhost:58264/resources/css/bootstrap-responsive.css' [617:5] Error in declaration. '*' is not allowed as first char of a property.
Oct 21, 2021 9:23:10 AM com.gargoylesoftware.htmlunit.DefaultCssErrorHandler error
WARNING: CSS error: 'http://localhost:58264/resources/css/bootstrap-responsive.css' [621:5] Error in declaration. '*' is not allowed as first char of a property.
Oct 21, 2021 9:23:10 AM com.gargoylesoftware.htmlunit.DefaultCssErrorHandler error
WARNING: CSS error: 'http://localhost:58264/resources/css/bootstrap-responsive.css' [625:5] Error in declaration. '*' is not allowed as first char of a property.
Oct 21, 2021 9:23:10 AM com.gargoylesoftware.htmlunit.DefaultCssErrorHandler error
WARNING: CSS error: 'http://localhost:58264/resources/css/bootstrap-responsive.css' [629:5] Error in declaration. '*' is not allowed as first char of a property.
Oct 21, 2021 9:23:10 AM com.gargoylesoftware.htmlunit.DefaultCssErrorHandler error
WARNING: CSS error: 'http://localhost:58264/resources/css/bootstrap-responsive.css' [633:5] Error in declaration. '*' is not allowed as first char of a property.
Oct 21, 2021 9:23:10 AM com.gargoylesoftware.htmlunit.DefaultCssErrorHandler error
WARNING: CSS error: 'http://localhost:58264/resources/css/bootstrap-responsive.css' [637:5] Error in declaration. '*' is not allowed as first char of a property.
Oct 21, 2021 9:23:10 AM com.gargoylesoftware.htmlunit.DefaultCssErrorHandler error
WARNING: CSS error: 'http://localhost:58264/resources/css/bootstrap-responsive.css' [641:5] Error in declaration. '*' is not allowed as first char of a property.
Oct 21, 2021 9:23:10 AM com.gargoylesoftware.htmlunit.DefaultCssErrorHandler error
WARNING: CSS error: 'http://localhost:58264/resources/css/bootstrap-responsive.css' [645:5] Error in declaration. '*' is not allowed as first char of a property.
Oct 21, 2021 9:23:10 AM com.gargoylesoftware.htmlunit.DefaultCssErrorHandler error
WARNING: CSS error: 'http://localhost:58264/resources/css/bootstrap-responsive.css' [649:5] Error in declaration. '*' is not allowed as first char of a property.
Oct 21, 2021 9:23:10 AM com.gargoylesoftware.htmlunit.DefaultCssErrorHandler error
WARNING: CSS error: 'http://localhost:58264/resources/css/bootstrap-responsive.css' [653:5] Error in declaration. '*' is not allowed as first char of a property.
Oct 21, 2021 9:23:10 AM com.gargoylesoftware.htmlunit.DefaultCssErrorHandler error
WARNING: CSS error: 'http://localhost:58264/resources/css/bootstrap-responsive.css' [657:5] Error in declaration. '*' is not allowed as first char of a property.
Oct 21, 2021 9:23:10 AM com.gargoylesoftware.htmlunit.DefaultCssErrorHandler error
WARNING: CSS error: 'http://localhost:58264/resources/css/bootstrap-responsive.css' [661:5] Error in declaration. '*' is not allowed as first char of a property.
Oct 21, 2021 9:23:10 AM com.gargoylesoftware.htmlunit.DefaultCssErrorHandler error
WARNING: CSS error: 'http://localhost:58264/resources/css/bootstrap-responsive.css' [665:5] Error in declaration. '*' is not allowed as first char of a property.
Oct 21, 2021 9:23:10 AM com.gargoylesoftware.htmlunit.DefaultCssErrorHandler error
WARNING: CSS error: 'http://localhost:58264/resources/css/bootstrap-responsive.css' [669:5] Error in declaration. '*' is not allowed as first char of a property.
Oct 21, 2021 9:23:10 AM com.gargoylesoftware.htmlunit.DefaultCssErrorHandler error
WARNING: CSS error: 'http://localhost:58264/resources/css/bootstrap-responsive.css' [673:5] Error in declaration. '*' is not allowed as first char of a property.
Oct 21, 2021 9:23:10 AM com.gargoylesoftware.htmlunit.DefaultCssErrorHandler error
WARNING: CSS error: 'http://localhost:58264/resources/css/bootstrap-responsive.css' [677:5] Error in declaration. '*' is not allowed as first char of a property.
Oct 21, 2021 9:23:10 AM com.gargoylesoftware.htmlunit.DefaultCssErrorHandler error
WARNING: CSS error: 'http://localhost:58264/resources/css/bootstrap-responsive.css' [681:5] Error in declaration. '*' is not allowed as first char of a property.
Oct 21, 2021 9:23:10 AM com.gargoylesoftware.htmlunit.DefaultCssErrorHandler error
WARNING: CSS error: 'http://localhost:58264/resources/css/bootstrap-responsive.css' [685:5] Error in declaration. '*' is not allowed as first char of a property.
Oct 21, 2021 9:23:10 AM com.gargoylesoftware.htmlunit.DefaultCssErrorHandler error
WARNING: CSS error: 'http://localhost:58264/resources/css/bootstrap-responsive.css' [689:5] Error in declaration. '*' is not allowed as first char of a property.
Oct 21, 2021 9:23:10 AM com.gargoylesoftware.htmlunit.DefaultCssErrorHandler error
WARNING: CSS error: 'http://localhost:58264/resources/css/bootstrap-responsive.css' [693:5] Error in declaration. '*' is not allowed as first char of a property.
Oct 21, 2021 9:23:10 AM com.gargoylesoftware.htmlunit.DefaultCssErrorHandler error
WARNING: CSS error: 'http://localhost:58264/resources/css/bootstrap-responsive.css' [697:5] Error in declaration. '*' is not allowed as first char of a property.
Oct 21, 2021 9:23:10 AM com.gargoylesoftware.htmlunit.DefaultCssErrorHandler error
WARNING: CSS error: 'http://localhost:58264/resources/css/bootstrap-responsive.css' [701:5] Error in declaration. '*' is not allowed as first char of a property.
Oct 21, 2021 9:23:10 AM com.gargoylesoftware.htmlunit.DefaultCssErrorHandler error
WARNING: CSS error: 'http://localhost:58264/resources/css/bootstrap-responsive.css' [705:5] Error in declaration. '*' is not allowed as first char of a property.
Oct 21, 2021 9:23:10 AM com.gargoylesoftware.htmlunit.DefaultCssErrorHandler error
WARNING: CSS error: 'http://localhost:58264/resources/css/bootstrap-responsive.css' [709:5] Error in declaration. '*' is not allowed as first char of a property.
Oct 21, 2021 9:23:10 AM com.gargoylesoftware.htmlunit.DefaultCssErrorHandler error
WARNING: CSS error: 'http://localhost:58264/resources/css/bootstrap-responsive.css' [713:5] Error in declaration. '*' is not allowed as first char of a property.
Oct 21, 2021 9:23:10 AM com.gargoylesoftware.htmlunit.DefaultCssErrorHandler error
WARNING: CSS error: 'http://localhost:58264/resources/css/bootstrap-responsive.css' [717:5] Error in declaration. '*' is not allowed as first char of a property.
Oct 21, 2021 9:23:13 AM com.gargoylesoftware.htmlunit.DefaultCssErrorHandler error
WARNING: CSS error: 'http://localhost:58264/resources/css/bootstrap.css' [28:3] Error in declaration. '*' is not allowed as first char of a property.
Oct 21, 2021 9:23:13 AM com.gargoylesoftware.htmlunit.DefaultCssErrorHandler error
WARNING: CSS error: 'http://localhost:58264/resources/css/bootstrap.css' [29:3] Error in declaration. '*' is not allowed as first char of a property.
Oct 21, 2021 9:23:13 AM com.gargoylesoftware.htmlunit.DefaultCssErrorHandler error
WARNING: CSS error: 'http://localhost:58264/resources/css/bootstrap.css' [94:3] Error in declaration. '*' is not allowed as first char of a property.
Oct 21, 2021 9:23:13 AM com.gargoylesoftware.htmlunit.DefaultCssErrorHandler error
WARNING: CSS error: 'http://localhost:58264/resources/css/bootstrap.css' [193:3] Error in declaration. '*' is not allowed as first char of a property.
Oct 21, 2021 9:23:13 AM com.gargoylesoftware.htmlunit.DefaultCssErrorHandler error
WARNING: CSS error: 'http://localhost:58264/resources/css/bootstrap.css' [267:3] Error in declaration. '*' is not allowed as first char of a property.
Oct 21, 2021 9:23:13 AM com.gargoylesoftware.htmlunit.DefaultCssErrorHandler error
WARNING: CSS error: 'http://localhost:58264/resources/css/bootstrap.css' [392:3] Error in declaration. '*' is not allowed as first char of a property.
Oct 21, 2021 9:23:13 AM com.gargoylesoftware.htmlunit.DefaultCssErrorHandler error
WARNING: CSS error: 'http://localhost:58264/resources/css/bootstrap.css' [412:3] Error in declaration. '*' is not allowed as first char of a property.
Oct 21, 2021 9:23:13 AM com.gargoylesoftware.htmlunit.DefaultCssErrorHandler error
WARNING: CSS error: 'http://localhost:58264/resources/css/bootstrap.css' [428:3] Error in declaration. '*' is not allowed as first char of a property.
Oct 21, 2021 9:23:13 AM com.gargoylesoftware.htmlunit.DefaultCssErrorHandler error
WARNING: CSS error: 'http://localhost:58264/resources/css/bootstrap.css' [433:3] Error in declaration. '*' is not allowed as first char of a property.
Oct 21, 2021 9:23:13 AM com.gargoylesoftware.htmlunit.DefaultCssErrorHandler error
WARNING: CSS error: 'http://localhost:58264/resources/css/bootstrap.css' [438:3] Error in declaration. '*' is not allowed as first char of a property.
Oct 21, 2021 9:23:13 AM com.gargoylesoftware.htmlunit.DefaultCssErrorHandler error
WARNING: CSS error: 'http://localhost:58264/resources/css/bootstrap.css' [443:3] Error in declaration. '*' is not allowed as first char of a property.
Oct 21, 2021 9:23:13 AM com.gargoylesoftware.htmlunit.DefaultCssErrorHandler error
WARNING: CSS error: 'http://localhost:58264/resources/css/bootstrap.css' [448:3] Error in declaration. '*' is not allowed as first char of a property.
Oct 21, 2021 9:23:13 AM com.gargoylesoftware.htmlunit.DefaultCssErrorHandler error
WARNING: CSS error: 'http://localhost:58264/resources/css/bootstrap.css' [453:3] Error in declaration. '*' is not allowed as first char of a property.
Oct 21, 2021 9:23:13 AM com.gargoylesoftware.htmlunit.DefaultCssErrorHandler error
WARNING: CSS error: 'http://localhost:58264/resources/css/bootstrap.css' [458:3] Error in declaration. '*' is not allowed as first char of a property.
Oct 21, 2021 9:23:13 AM com.gargoylesoftware.htmlunit.DefaultCssErrorHandler error
WARNING: CSS error: 'http://localhost:58264/resources/css/bootstrap.css' [463:3] Error in declaration. '*' is not allowed as first char of a property.
Oct 21, 2021 9:23:13 AM com.gargoylesoftware.htmlunit.DefaultCssErrorHandler error
WARNING: CSS error: 'http://localhost:58264/resources/css/bootstrap.css' [468:3] Error in declaration. '*' is not allowed as first char of a property.
Oct 21, 2021 9:23:13 AM com.gargoylesoftware.htmlunit.DefaultCssErrorHandler error
WARNING: CSS error: 'http://localhost:58264/resources/css/bootstrap.css' [473:3] Error in declaration. '*' is not allowed as first char of a property.
Oct 21, 2021 9:23:13 AM com.gargoylesoftware.htmlunit.DefaultCssErrorHandler error
WARNING: CSS error: 'http://localhost:58264/resources/css/bootstrap.css' [478:3] Error in declaration. '*' is not allowed as first char of a property.
Oct 21, 2021 9:23:13 AM com.gargoylesoftware.htmlunit.DefaultCssErrorHandler error
WARNING: CSS error: 'http://localhost:58264/resources/css/bootstrap.css' [483:3] Error in declaration. '*' is not allowed as first char of a property.
Oct 21, 2021 9:23:13 AM com.gargoylesoftware.htmlunit.DefaultCssErrorHandler error
WARNING: CSS error: 'http://localhost:58264/resources/css/bootstrap.css' [488:3] Error in declaration. '*' is not allowed as first char of a property.
Oct 21, 2021 9:23:13 AM com.gargoylesoftware.htmlunit.DefaultCssErrorHandler error
WARNING: CSS error: 'http://localhost:58264/resources/css/bootstrap.css' [493:3] Error in declaration. '*' is not allowed as first char of a property.
Oct 21, 2021 9:23:13 AM com.gargoylesoftware.htmlunit.DefaultCssErrorHandler error
WARNING: CSS error: 'http://localhost:58264/resources/css/bootstrap.css' [498:3] Error in declaration. '*' is not allowed as first char of a property.
Oct 21, 2021 9:23:13 AM com.gargoylesoftware.htmlunit.DefaultCssErrorHandler error
WARNING: CSS error: 'http://localhost:58264/resources/css/bootstrap.css' [503:3] Error in declaration. '*' is not allowed as first char of a property.
Oct 21, 2021 9:23:13 AM com.gargoylesoftware.htmlunit.DefaultCssErrorHandler error
WARNING: CSS error: 'http://localhost:58264/resources/css/bootstrap.css' [508:3] Error in declaration. '*' is not allowed as first char of a property.
Oct 21, 2021 9:23:13 AM com.gargoylesoftware.htmlunit.DefaultCssErrorHandler error
WARNING: CSS error: 'http://localhost:58264/resources/css/bootstrap.css' [513:3] Error in declaration. '*' is not allowed as first char of a property.
Oct 21, 2021 9:23:13 AM com.gargoylesoftware.htmlunit.DefaultCssErrorHandler error
WARNING: CSS error: 'http://localhost:58264/resources/css/bootstrap.css' [518:3] Error in declaration. '*' is not allowed as first char of a property.
Oct 21, 2021 9:23:13 AM com.gargoylesoftware.htmlunit.DefaultCssErrorHandler error
WARNING: CSS error: 'http://localhost:58264/resources/css/bootstrap.css' [523:3] Error in declaration. '*' is not allowed as first char of a property.
Oct 21, 2021 9:23:13 AM com.gargoylesoftware.htmlunit.DefaultCssErrorHandler error
WARNING: CSS error: 'http://localhost:58264/resources/css/bootstrap.css' [528:3] Error in declaration. '*' is not allowed as first char of a property.
Oct 21, 2021 9:23:13 AM com.gargoylesoftware.htmlunit.DefaultCssErrorHandler error
WARNING: CSS error: 'http://localhost:58264/resources/css/bootstrap.css' [533:3] Error in declaration. '*' is not allowed as first char of a property.
Oct 21, 2021 9:23:13 AM com.gargoylesoftware.htmlunit.DefaultCssErrorHandler error
WARNING: CSS error: 'http://localhost:58264/resources/css/bootstrap.css' [538:3] Error in declaration. '*' is not allowed as first char of a property.
Oct 21, 2021 9:23:13 AM com.gargoylesoftware.htmlunit.DefaultCssErrorHandler error
WARNING: CSS error: 'http://localhost:58264/resources/css/bootstrap.css' [543:3] Error in declaration. '*' is not allowed as first char of a property.
Oct 21, 2021 9:23:13 AM com.gargoylesoftware.htmlunit.DefaultCssErrorHandler error
WARNING: CSS error: 'http://localhost:58264/resources/css/bootstrap.css' [548:3] Error in declaration. '*' is not allowed as first char of a property.
Oct 21, 2021 9:23:13 AM com.gargoylesoftware.htmlunit.DefaultCssErrorHandler error
WARNING: CSS error: 'http://localhost:58264/resources/css/bootstrap.css' [553:3] Error in declaration. '*' is not allowed as first char of a property.
Oct 21, 2021 9:23:13 AM com.gargoylesoftware.htmlunit.DefaultCssErrorHandler error
WARNING: CSS error: 'http://localhost:58264/resources/css/bootstrap.css' [558:3] Error in declaration. '*' is not allowed as first char of a property.
Oct 21, 2021 9:23:13 AM com.gargoylesoftware.htmlunit.DefaultCssErrorHandler error
WARNING: CSS error: 'http://localhost:58264/resources/css/bootstrap.css' [563:3] Error in declaration. '*' is not allowed as first char of a property.
Oct 21, 2021 9:23:13 AM com.gargoylesoftware.htmlunit.DefaultCssErrorHandler error
WARNING: CSS error: 'http://localhost:58264/resources/css/bootstrap.css' [568:3] Error in declaration. '*' is not allowed as first char of a property.
Oct 21, 2021 9:23:13 AM com.gargoylesoftware.htmlunit.DefaultCssErrorHandler error
WARNING: CSS error: 'http://localhost:58264/resources/css/bootstrap.css' [573:3] Error in declaration. '*' is not allowed as first char of a property.
Oct 21, 2021 9:23:13 AM com.gargoylesoftware.htmlunit.DefaultCssErrorHandler error
WARNING: CSS error: 'http://localhost:58264/resources/css/bootstrap.css' [578:3] Error in declaration. '*' is not allowed as first char of a property.
Oct 21, 2021 9:23:13 AM com.gargoylesoftware.htmlunit.DefaultCssErrorHandler error
WARNING: CSS error: 'http://localhost:58264/resources/css/bootstrap.css' [583:3] Error in declaration. '*' is not allowed as first char of a property.
Oct 21, 2021 9:23:13 AM com.gargoylesoftware.htmlunit.DefaultCssErrorHandler error
WARNING: CSS error: 'http://localhost:58264/resources/css/bootstrap.css' [588:3] Error in declaration. '*' is not allowed as first char of a property.
Oct 21, 2021 9:23:13 AM com.gargoylesoftware.htmlunit.DefaultCssErrorHandler error
WARNING: CSS error: 'http://localhost:58264/resources/css/bootstrap.css' [593:3] Error in declaration. '*' is not allowed as first char of a property.
Oct 21, 2021 9:23:13 AM com.gargoylesoftware.htmlunit.DefaultCssErrorHandler error
WARNING: CSS error: 'http://localhost:58264/resources/css/bootstrap.css' [598:3] Error in declaration. '*' is not allowed as first char of a property.
Oct 21, 2021 9:23:13 AM com.gargoylesoftware.htmlunit.DefaultCssErrorHandler error
WARNING: CSS error: 'http://localhost:58264/resources/css/bootstrap.css' [603:3] Error in declaration. '*' is not allowed as first char of a property.
Oct 21, 2021 9:23:13 AM com.gargoylesoftware.htmlunit.DefaultCssErrorHandler error
WARNING: CSS error: 'http://localhost:58264/resources/css/bootstrap.css' [619:3] Error in declaration. '*' is not allowed as first char of a property.
Oct 21, 2021 9:23:13 AM com.gargoylesoftware.htmlunit.DefaultCssErrorHandler error
WARNING: CSS error: 'http://localhost:58264/resources/css/bootstrap.css' [636:3] Error in declaration. '*' is not allowed as first char of a property.
Oct 21, 2021 9:23:13 AM com.gargoylesoftware.htmlunit.DefaultCssErrorHandler error
WARNING: CSS error: 'http://localhost:58264/resources/css/bootstrap.css' [848:3] Error in declaration. '*' is not allowed as first char of a property.
Oct 21, 2021 9:23:13 AM com.gargoylesoftware.htmlunit.DefaultCssErrorHandler error
WARNING: CSS error: 'http://localhost:58264/resources/css/bootstrap.css' [1153:3] Error in declaration. '*' is not allowed as first char of a property.
Oct 21, 2021 9:23:13 AM com.gargoylesoftware.htmlunit.DefaultCssErrorHandler error
WARNING: CSS error: 'http://localhost:58264/resources/css/bootstrap.css' [1172:3] Error in declaration. '*' is not allowed as first char of a property.
Oct 21, 2021 9:23:13 AM com.gargoylesoftware.htmlunit.DefaultCssErrorHandler error
WARNING: CSS error: 'http://localhost:58264/resources/css/bootstrap.css' [1396:3] Error in declaration. '*' is not allowed as first char of a property.
Oct 21, 2021 9:23:13 AM com.gargoylesoftware.htmlunit.DefaultCssErrorHandler error
WARNING: CSS error: 'http://localhost:58264/resources/css/bootstrap.css' [1615:3] Error in declaration. '*' is not allowed as first char of a property.
Oct 21, 2021 9:23:13 AM com.gargoylesoftware.htmlunit.DefaultCssErrorHandler error
WARNING: CSS error: 'http://localhost:58264/resources/css/bootstrap.css' [1641:3] Error in declaration. '*' is not allowed as first char of a property.
Oct 21, 2021 9:23:13 AM com.gargoylesoftware.htmlunit.DefaultCssErrorHandler error
WARNING: CSS error: 'http://localhost:58264/resources/css/bootstrap.css' [1644:3] Error in declaration. '*' is not allowed as first char of a property.
Oct 21, 2021 9:23:13 AM com.gargoylesoftware.htmlunit.DefaultCssErrorHandler error
WARNING: CSS error: 'http://localhost:58264/resources/css/bootstrap.css' [1673:3] Error in declaration. '*' is not allowed as first char of a property.
Oct 21, 2021 9:23:13 AM com.gargoylesoftware.htmlunit.DefaultCssErrorHandler error
WARNING: CSS error: 'http://localhost:58264/resources/css/bootstrap.css' [1869:3] Error in declaration. '*' is not allowed as first char of a property.
Oct 21, 2021 9:23:13 AM com.gargoylesoftware.htmlunit.DefaultCssErrorHandler error
WARNING: CSS error: 'http://localhost:58264/resources/css/bootstrap.css' [1872:3] Error in declaration. '*' is not allowed as first char of a property.
Oct 21, 2021 9:23:13 AM com.gargoylesoftware.htmlunit.DefaultCssErrorHandler error
WARNING: CSS error: 'http://localhost:58264/resources/css/bootstrap.css' [1924:3] Error in declaration. '*' is not allowed as first char of a property.
Oct 21, 2021 9:23:13 AM com.gargoylesoftware.htmlunit.DefaultCssErrorHandler error
WARNING: CSS error: 'http://localhost:58264/resources/css/bootstrap.css' [1946:3] Error in declaration. '*' is not allowed as first char of a property.
Oct 21, 2021 9:23:13 AM com.gargoylesoftware.htmlunit.DefaultCssErrorHandler error
WARNING: CSS error: 'http://localhost:58264/resources/css/bootstrap.css' [1947:3] Error in declaration. '*' is not allowed as first char of a property.
Oct 21, 2021 9:23:13 AM com.gargoylesoftware.htmlunit.DefaultCssErrorHandler error
WARNING: CSS error: 'http://localhost:58264/resources/css/bootstrap.css' [1949:3] Error in declaration. '*' is not allowed as first char of a property.
Oct 21, 2021 9:23:13 AM com.gargoylesoftware.htmlunit.DefaultCssErrorHandler error
WARNING: CSS error: 'http://localhost:58264/resources/css/bootstrap.css' [1953:3] Error in declaration. '*' is not allowed as first char of a property.
Oct 21, 2021 9:23:13 AM com.gargoylesoftware.htmlunit.DefaultCssErrorHandler error
WARNING: CSS error: 'http://localhost:58264/resources/css/bootstrap.css' [2027:3] Error in declaration. '*' is not allowed as first char of a property.
Oct 21, 2021 9:23:13 AM com.gargoylesoftware.htmlunit.DefaultCssErrorHandler error
WARNING: CSS error: 'http://localhost:58264/resources/css/bootstrap.css' [2252:3] Error in declaration. '*' is not allowed as first char of a property.
Oct 21, 2021 9:23:13 AM com.gargoylesoftware.htmlunit.DefaultCssErrorHandler error
WARNING: CSS error: 'http://localhost:58264/resources/css/bootstrap.css' [2846:3] Error in declaration. '*' is not allowed as first char of a property.
Oct 21, 2021 9:23:13 AM com.gargoylesoftware.htmlunit.DefaultCssErrorHandler error
WARNING: CSS error: 'http://localhost:58264/resources/css/bootstrap.css' [2884:3] Error in declaration. '*' is not allowed as first char of a property.
Oct 21, 2021 9:23:13 AM com.gargoylesoftware.htmlunit.DefaultCssErrorHandler error
WARNING: CSS error: 'http://localhost:58264/resources/css/bootstrap.css' [2885:3] Error in declaration. '*' is not allowed as first char of a property.
Oct 21, 2021 9:23:13 AM com.gargoylesoftware.htmlunit.DefaultCssErrorHandler error
WARNING: CSS error: 'http://localhost:58264/resources/css/bootstrap.css' [2903:3] Error in declaration. '*' is not allowed as first char of a property.
Oct 21, 2021 9:23:13 AM com.gargoylesoftware.htmlunit.DefaultCssErrorHandler error
WARNING: CSS error: 'http://localhost:58264/resources/css/bootstrap.css' [2906:3] Error in declaration. '*' is not allowed as first char of a property.
Oct 21, 2021 9:23:13 AM com.gargoylesoftware.htmlunit.DefaultCssErrorHandler error
WARNING: CSS error: 'http://localhost:58264/resources/css/bootstrap.css' [2966:3] Error in declaration. '*' is not allowed as first char of a property.
Oct 21, 2021 9:23:13 AM com.gargoylesoftware.htmlunit.DefaultCssErrorHandler error
WARNING: CSS error: 'http://localhost:58264/resources/css/bootstrap.css' [3151:3] Error in declaration. '*' is not allowed as first char of a property.
Oct 21, 2021 9:23:13 AM com.gargoylesoftware.htmlunit.DefaultCssErrorHandler error
WARNING: CSS error: 'http://localhost:58264/resources/css/bootstrap.css' [3154:3] Error in declaration. '*' is not allowed as first char of a property.
Oct 21, 2021 9:23:13 AM com.gargoylesoftware.htmlunit.DefaultCssErrorHandler error
WARNING: CSS error: 'http://localhost:58264/resources/css/bootstrap.css' [3163:3] Error in declaration. '*' is not allowed as first char of a property.
Oct 21, 2021 9:23:13 AM com.gargoylesoftware.htmlunit.DefaultCssErrorHandler error
WARNING: CSS error: 'http://localhost:58264/resources/css/bootstrap.css' [3171:3] Error in declaration. '*' is not allowed as first char of a property.
Oct 21, 2021 9:23:13 AM com.gargoylesoftware.htmlunit.DefaultCssErrorHandler error
WARNING: CSS error: 'http://localhost:58264/resources/css/bootstrap.css' [3180:3] Error in declaration. '*' is not allowed as first char of a property.
Oct 21, 2021 9:23:13 AM com.gargoylesoftware.htmlunit.DefaultCssErrorHandler error
WARNING: CSS error: 'http://localhost:58264/resources/css/bootstrap.css' [3193:3] Error in declaration. '*' is not allowed as first char of a property.
Oct 21, 2021 9:23:13 AM com.gargoylesoftware.htmlunit.DefaultCssErrorHandler error
WARNING: CSS error: 'http://localhost:58264/resources/css/bootstrap.css' [3202:3] Error in declaration. '*' is not allowed as first char of a property.
Oct 21, 2021 9:23:13 AM com.gargoylesoftware.htmlunit.DefaultCssErrorHandler error
WARNING: CSS error: 'http://localhost:58264/resources/css/bootstrap.css' [3318:3] Error in declaration. '*' is not allowed as first char of a property.
Oct 21, 2021 9:23:13 AM com.gargoylesoftware.htmlunit.DefaultCssErrorHandler error
WARNING: CSS error: 'http://localhost:58264/resources/css/bootstrap.css' [3338:3] Error in declaration. '*' is not allowed as first char of a property.
Oct 21, 2021 9:23:13 AM com.gargoylesoftware.htmlunit.DefaultCssErrorHandler error
WARNING: CSS error: 'http://localhost:58264/resources/css/bootstrap.css' [3350:3] Error in declaration. '*' is not allowed as first char of a property.
Oct 21, 2021 9:23:13 AM com.gargoylesoftware.htmlunit.DefaultCssErrorHandler error
WARNING: CSS error: 'http://localhost:58264/resources/css/bootstrap.css' [3370:3] Error in declaration. '*' is not allowed as first char of a property.
Oct 21, 2021 9:23:13 AM com.gargoylesoftware.htmlunit.DefaultCssErrorHandler error
WARNING: CSS error: 'http://localhost:58264/resources/css/bootstrap.css' [3382:3] Error in declaration. '*' is not allowed as first char of a property.
Oct 21, 2021 9:23:13 AM com.gargoylesoftware.htmlunit.DefaultCssErrorHandler error
WARNING: CSS error: 'http://localhost:58264/resources/css/bootstrap.css' [3402:3] Error in declaration. '*' is not allowed as first char of a property.
Oct 21, 2021 9:23:13 AM com.gargoylesoftware.htmlunit.DefaultCssErrorHandler error
WARNING: CSS error: 'http://localhost:58264/resources/css/bootstrap.css' [3414:3] Error in declaration. '*' is not allowed as first char of a property.
Oct 21, 2021 9:23:13 AM com.gargoylesoftware.htmlunit.DefaultCssErrorHandler error
WARNING: CSS error: 'http://localhost:58264/resources/css/bootstrap.css' [3434:3] Error in declaration. '*' is not allowed as first char of a property.
Oct 21, 2021 9:23:13 AM com.gargoylesoftware.htmlunit.DefaultCssErrorHandler error
WARNING: CSS error: 'http://localhost:58264/resources/css/bootstrap.css' [3446:3] Error in declaration. '*' is not allowed as first char of a property.
Oct 21, 2021 9:23:13 AM com.gargoylesoftware.htmlunit.DefaultCssErrorHandler error
WARNING: CSS error: 'http://localhost:58264/resources/css/bootstrap.css' [3466:3] Error in declaration. '*' is not allowed as first char of a property.
Oct 21, 2021 9:23:13 AM com.gargoylesoftware.htmlunit.DefaultCssErrorHandler error
WARNING: CSS error: 'http://localhost:58264/resources/css/bootstrap.css' [3478:3] Error in declaration. '*' is not allowed as first char of a property.
Oct 21, 2021 9:23:13 AM com.gargoylesoftware.htmlunit.DefaultCssErrorHandler error
WARNING: CSS error: 'http://localhost:58264/resources/css/bootstrap.css' [3498:3] Error in declaration. '*' is not allowed as first char of a property.
Oct 21, 2021 9:23:13 AM com.gargoylesoftware.htmlunit.DefaultCssErrorHandler error
WARNING: CSS error: 'http://localhost:58264/resources/css/bootstrap.css' [3508:3] Error in declaration. '*' is not allowed as first char of a property.
Oct 21, 2021 9:23:13 AM com.gargoylesoftware.htmlunit.DefaultCssErrorHandler error
WARNING: CSS error: 'http://localhost:58264/resources/css/bootstrap.css' [3509:3] Error in declaration. '*' is not allowed as first char of a property.
Oct 21, 2021 9:23:13 AM com.gargoylesoftware.htmlunit.DefaultCssErrorHandler error
WARNING: CSS error: 'http://localhost:58264/resources/css/bootstrap.css' [3520:3] Error in declaration. '*' is not allowed as first char of a property.
Oct 21, 2021 9:23:13 AM com.gargoylesoftware.htmlunit.DefaultCssErrorHandler error
WARNING: CSS error: 'http://localhost:58264/resources/css/bootstrap.css' [3521:3] Error in declaration. '*' is not allowed as first char of a property.
Oct 21, 2021 9:23:13 AM com.gargoylesoftware.htmlunit.DefaultCssErrorHandler error
WARNING: CSS error: 'http://localhost:58264/resources/css/bootstrap.css' [3526:3] Error in declaration. '*' is not allowed as first char of a property.
Oct 21, 2021 9:23:13 AM com.gargoylesoftware.htmlunit.DefaultCssErrorHandler error
WARNING: CSS error: 'http://localhost:58264/resources/css/bootstrap.css' [3527:3] Error in declaration. '*' is not allowed as first char of a property.
Oct 21, 2021 9:23:13 AM com.gargoylesoftware.htmlunit.DefaultCssErrorHandler error
WARNING: CSS error: 'http://localhost:58264/resources/css/bootstrap.css' [3532:3] Error in declaration. '*' is not allowed as first char of a property.
Oct 21, 2021 9:23:13 AM com.gargoylesoftware.htmlunit.DefaultCssErrorHandler error
WARNING: CSS error: 'http://localhost:58264/resources/css/bootstrap.css' [3533:3] Error in declaration. '*' is not allowed as first char of a property.
Oct 21, 2021 9:23:13 AM com.gargoylesoftware.htmlunit.DefaultCssErrorHandler error
WARNING: CSS error: 'http://localhost:58264/resources/css/bootstrap.css' [3569:3] Error in declaration. '*' is not allowed as first char of a property.
Oct 21, 2021 9:23:13 AM com.gargoylesoftware.htmlunit.DefaultCssErrorHandler error
WARNING: CSS error: 'http://localhost:58264/resources/css/bootstrap.css' [3570:3] Error in declaration. '*' is not allowed as first char of a property.
Oct 21, 2021 9:23:13 AM com.gargoylesoftware.htmlunit.DefaultCssErrorHandler error
WARNING: CSS error: 'http://localhost:58264/resources/css/bootstrap.css' [3574:3] Error in declaration. '*' is not allowed as first char of a property.
Oct 21, 2021 9:23:13 AM com.gargoylesoftware.htmlunit.DefaultCssErrorHandler error
WARNING: CSS error: 'http://localhost:58264/resources/css/bootstrap.css' [3578:3] Error in declaration. '*' is not allowed as first char of a property.
Oct 21, 2021 9:23:13 AM com.gargoylesoftware.htmlunit.DefaultCssErrorHandler error
WARNING: CSS error: 'http://localhost:58264/resources/css/bootstrap.css' [3679:3] Error in declaration. '*' is not allowed as first char of a property.
Oct 21, 2021 9:23:13 AM com.gargoylesoftware.htmlunit.DefaultCssErrorHandler error
WARNING: CSS error: 'http://localhost:58264/resources/css/bootstrap.css' [3681:3] Error in declaration. '*' is not allowed as first char of a property.
Oct 21, 2021 9:23:13 AM com.gargoylesoftware.htmlunit.DefaultCssErrorHandler error
WARNING: CSS error: 'http://localhost:58264/resources/css/bootstrap.css' [3689:3] Error in declaration. '*' is not allowed as first char of a property.
Oct 21, 2021 9:23:13 AM com.gargoylesoftware.htmlunit.DefaultCssErrorHandler error
WARNING: CSS error: 'http://localhost:58264/resources/css/bootstrap.css' [3691:3] Error in declaration. '*' is not allowed as first char of a property.
Oct 21, 2021 9:23:13 AM com.gargoylesoftware.htmlunit.DefaultCssErrorHandler error
WARNING: CSS error: 'http://localhost:58264/resources/css/bootstrap.css' [3696:3] Error in declaration. '*' is not allowed as first char of a property.
Oct 21, 2021 9:23:13 AM com.gargoylesoftware.htmlunit.DefaultCssErrorHandler error
WARNING: CSS error: 'http://localhost:58264/resources/css/bootstrap.css' [3697:3] Error in declaration. '*' is not allowed as first char of a property.
Oct 21, 2021 9:23:13 AM com.gargoylesoftware.htmlunit.DefaultCssErrorHandler error
WARNING: CSS error: 'http://localhost:58264/resources/css/bootstrap.css' [3701:3] Error in declaration. '*' is not allowed as first char of a property.
Oct 21, 2021 9:23:13 AM com.gargoylesoftware.htmlunit.DefaultCssErrorHandler error
WARNING: CSS error: 'http://localhost:58264/resources/css/bootstrap.css' [3703:3] Error in declaration. '*' is not allowed as first char of a property.
Oct 21, 2021 9:23:13 AM com.gargoylesoftware.htmlunit.DefaultCssErrorHandler error
WARNING: CSS error: 'http://localhost:58264/resources/css/bootstrap.css' [3775:3] Error in declaration. '*' is not allowed as first char of a property.
Oct 21, 2021 9:23:13 AM com.gargoylesoftware.htmlunit.DefaultCssErrorHandler error
WARNING: CSS error: 'http://localhost:58264/resources/css/bootstrap.css' [3778:3] Error in declaration. '*' is not allowed as first char of a property.
Oct 21, 2021 9:23:13 AM com.gargoylesoftware.htmlunit.DefaultCssErrorHandler error
WARNING: CSS error: 'http://localhost:58264/resources/css/bootstrap.css' [3960:3] Error in declaration. '*' is not allowed as first char of a property.
Oct 21, 2021 9:23:13 AM com.gargoylesoftware.htmlunit.DefaultCssErrorHandler error
WARNING: CSS error: 'http://localhost:58264/resources/css/bootstrap.css' [3963:3] Error in declaration. '*' is not allowed as first char of a property.
Oct 21, 2021 9:23:13 AM com.gargoylesoftware.htmlunit.DefaultCssErrorHandler error
WARNING: CSS error: 'http://localhost:58264/resources/css/bootstrap.css' [3971:3] Error in declaration. '*' is not allowed as first char of a property.
Oct 21, 2021 9:23:13 AM com.gargoylesoftware.htmlunit.DefaultCssErrorHandler error
WARNING: CSS error: 'http://localhost:58264/resources/css/bootstrap.css' [4163:3] Error in declaration. '*' is not allowed as first char of a property.
Oct 21, 2021 9:23:13 AM com.gargoylesoftware.htmlunit.DefaultCssErrorHandler error
WARNING: CSS error: 'http://localhost:58264/resources/css/bootstrap.css' [4254:3] Error in declaration. '*' is not allowed as first char of a property.
Oct 21, 2021 9:23:13 AM com.gargoylesoftware.htmlunit.DefaultCssErrorHandler error
WARNING: CSS error: 'http://localhost:58264/resources/css/bootstrap.css' [4277:3] Error in declaration. '*' is not allowed as first char of a property.
Oct 21, 2021 9:23:13 AM com.gargoylesoftware.htmlunit.DefaultCssErrorHandler error
WARNING: CSS error: 'http://localhost:58264/resources/css/bootstrap.css' [4291:3] Error in declaration. '*' is not allowed as first char of a property.
Oct 21, 2021 9:23:13 AM com.gargoylesoftware.htmlunit.DefaultCssErrorHandler error
WARNING: CSS error: 'http://localhost:58264/resources/css/bootstrap.css' [4292:3] Error in declaration. '*' is not allowed as first char of a property.
Oct 21, 2021 9:23:13 AM com.gargoylesoftware.htmlunit.DefaultCssErrorHandler error
WARNING: CSS error: 'http://localhost:58264/resources/css/bootstrap.css' [4313:3] Error in declaration. '*' is not allowed as first char of a property.
Oct 21, 2021 9:23:13 AM com.gargoylesoftware.htmlunit.DefaultCssErrorHandler error
WARNING: CSS error: 'http://localhost:58264/resources/css/bootstrap.css' [4388:3] Error in declaration. '*' is not allowed as first char of a property.
Oct 21, 2021 9:23:13 AM com.gargoylesoftware.htmlunit.DefaultCssErrorHandler error
WARNING: CSS error: 'http://localhost:58264/resources/css/bootstrap.css' [4573:3] Error in declaration. '*' is not allowed as first char of a property.
Oct 21, 2021 9:23:13 AM com.gargoylesoftware.htmlunit.DefaultCssErrorHandler error
WARNING: CSS error: 'http://localhost:58264/resources/css/bootstrap.css' [4596:3] Error in declaration. '*' is not allowed as first char of a property.
Oct 21, 2021 9:23:14 AM com.gargoylesoftware.htmlunit.DefaultCssErrorHandler error
WARNING: CSS error: 'http://localhost:58264/resources/css/bootstrap.css' [4835:3] Error in declaration. '*' is not allowed as first char of a property.
Oct 21, 2021 9:23:14 AM com.gargoylesoftware.htmlunit.DefaultCssErrorHandler error
WARNING: CSS error: 'http://localhost:58264/resources/css/bootstrap.css' [4855:3] Error in declaration. '*' is not allowed as first char of a property.
Oct 21, 2021 9:23:14 AM com.gargoylesoftware.htmlunit.DefaultCssErrorHandler error
[...]
Oct 21, 2021 9:23:14 AM com.gargoylesoftware.htmlunit.DefaultCssErrorHandler error
WARNING: CSS error: 'http://localhost:58264/resources/css/bootstrap.css' [5435:3] Error in declaration. '*' is not allowed as first char of a property.
Oct 21, 2021 9:23:14 AM com.gargoylesoftware.htmlunit.DefaultCssErrorHandler error
WARNING: CSS error: 'http://localhost:58264/resources/css/bootstrap.css' [5498:3] Error in declaration. '*' is not allowed as first char of a property.
Oct 21, 2021 9:23:14 AM com.gargoylesoftware.htmlunit.DefaultCssErrorHandler error
WARNING: CSS error: 'http://localhost:58264/resources/css/bootstrap-responsive.css' [16:3] Error in declaration. '*' is not allowed as first char of a property.
Oct 21, 2021 9:23:14 AM com.gargoylesoftware.htmlunit.DefaultCssErrorHandler error
WARNING: CSS error: 'http://localhost:58264/resources/css/bootstrap-responsive.css' [101:5] Error in declaration. '*' is not allowed as first char of a property.
Oct 21, 2021 9:23:14 AM com.gargoylesoftware.htmlunit.DefaultCssErrorHandler error
WARNING: CSS error: 'http://localhost:58264/resources/css/bootstrap-responsive.css' [197:5] Error in declaration. '*' is not allowed as first char of a property.
Oct 21, 2021 9:23:14 AM com.gargoylesoftware.htmlunit.DefaultCssErrorHandler error
WARNING: CSS error: 'http://localhost:58264/resources/css/bootstrap-responsive.css' [214:5] Error in declaration. '*' is not allowed as first char of a property.
Oct 21, 2021 9:23:14 AM com.gargoylesoftware.htmlunit.DefaultCssErrorHandler error
WARNING: CSS error: 'http://localhost:58264/resources/css/bootstrap-responsive.css' [227:5] Error in declaration. '*' is not allowed as first char of a property.
Oct 21, 2021 9:23:14 AM com.gargoylesoftware.htmlunit.DefaultCssErrorHandler error
WARNING: CSS error: 'http://localhost:58264/resources/css/bootstrap-responsive.css' [231:5] Error in declaration. '*' is not allowed as first char of a property.
Oct 21, 2021 9:23:14 AM com.gargoylesoftware.htmlunit.DefaultCssErrorHandler error
WARNING: CSS error: 'http://localhost:58264/resources/css/bootstrap-responsive.css' [235:5] Error in declaration. '*' is not allowed as first char of a property.
Oct 21, 2021 9:23:14 AM com.gargoylesoftware.htmlunit.DefaultCssErrorHandler error
WARNING: CSS error: 'http://localhost:58264/resources/css/bootstrap-responsive.css' [239:5] Error in declaration. '*' is not allowed as first char of a property.
Oct 21, 2021 9:23:14 AM com.gargoylesoftware.htmlunit.DefaultCssErrorHandler error
WARNING: CSS error: 'http://localhost:58264/resources/css/bootstrap-responsive.css' [243:5] Error in declaration. '*' is not allowed as first char of a property.
Oct 21, 2021 9:23:14 AM com.gargoylesoftware.htmlunit.DefaultCssErrorHandler error
WARNING: CSS error: 'http://localhost:58264/resources/css/bootstrap-responsive.css' [247:5] Error in declaration. '*' is not allowed as first char of a property.
Oct 21, 2021 9:23:14 AM com.gargoylesoftware.htmlunit.DefaultCssErrorHandler error
WARNING: CSS error: 'http://localhost:58264/resources/css/bootstrap-responsive.css' [251:5] Error in declaration. '*' is not allowed as first char of a property.
Oct 21, 2021 9:23:14 AM com.gargoylesoftware.htmlunit.DefaultCssErrorHandler error
WARNING: CSS error: 'http://localhost:58264/resources/css/bootstrap-responsive.css' [255:5] Error in declaration. '*' is not allowed as first char of a property.
Oct 21, 2021 9:23:14 AM com.gargoylesoftware.htmlunit.DefaultCssErrorHandler error
WARNING: CSS error: 'http://localhost:58264/resources/css/bootstrap-responsive.css' [259:5] Error in declaration. '*' is not allowed as first char of a property.
Oct 21, 2021 9:23:14 AM com.gargoylesoftware.htmlunit.DefaultCssErrorHandler error
WARNING: CSS error: 'http://localhost:58264/resources/css/bootstrap-responsive.css' [263:5] Error in declaration. '*' is not allowed as first char of a property.
Oct 21, 2021 9:23:14 AM com.gargoylesoftware.htmlunit.DefaultCssErrorHandler error
WARNING: CSS error: 'http://localhost:58264/resources/css/bootstrap-responsive.css' [267:5] Error in declaration. '*' is not allowed as first char of a property.
Oct 21, 2021 9:23:14 AM com.gargoylesoftware.htmlunit.DefaultCssErrorHandler error
WARNING: CSS error: 'http://localhost:58264/resources/css/bootstrap-responsive.css' [271:5] Error in declaration. '*' is not allowed as first char of a property.
Oct 21, 2021 9:23:14 AM com.gargoylesoftware.htmlunit.DefaultCssErrorHandler error
WARNING: CSS error: 'http://localhost:58264/resources/css/bootstrap-responsive.css' [275:5] Error in declaration. '*' is not allowed as first char of a property.
Oct 21, 2021 9:23:14 AM com.gargoylesoftware.htmlunit.DefaultCssErrorHandler error
WARNING: CSS error: 'http://localhost:58264/resources/css/bootstrap-responsive.css' [279:5] Error in declaration. '*' is not allowed as first char of a property.
Oct 21, 2021 9:23:14 AM com.gargoylesoftware.htmlunit.DefaultCssErrorHandler error
WARNING: CSS error: 'http://localhost:58264/resources/css/bootstrap-responsive.css' [283:5] Error in declaration. '*' is not allowed as first char of a property.
Oct 21, 2021 9:23:14 AM com.gargoylesoftware.htmlunit.DefaultCssErrorHandler error
WARNING: CSS error: 'http://localhost:58264/resources/css/bootstrap-responsive.css' [287:5] Error in declaration. '*' is not allowed as first char of a property.
Oct 21, 2021 9:23:14 AM com.gargoylesoftware.htmlunit.DefaultCssErrorHandler error
WARNING: CSS error: 'http://localhost:58264/resources/css/bootstrap-responsive.css' [291:5] Error in declaration. '*' is not allowed as first char of a property.
Oct 21, 2021 9:23:14 AM com.gargoylesoftware.htmlunit.DefaultCssErrorHandler error
WARNING: CSS error: 'http://localhost:58264/resources/css/bootstrap-responsive.css' [295:5] Error in declaration. '*' is not allowed as first char of a property.
Oct 21, 2021 9:23:14 AM com.gargoylesoftware.htmlunit.DefaultCssErrorHandler error
WARNING: CSS error: 'http://localhost:58264/resources/css/bootstrap-responsive.css' [299:5] Error in declaration. '*' is not allowed as first char of a property.
Oct 21, 2021 9:23:14 AM com.gargoylesoftware.htmlunit.DefaultCssErrorHandler error
WARNING: CSS error: 'http://localhost:58264/resources/css/bootstrap-responsive.css' [303:5] Error in declaration. '*' is not allowed as first char of a property.
Oct 21, 2021 9:23:14 AM com.gargoylesoftware.htmlunit.DefaultCssErrorHandler error
WARNING: CSS error: 'http://localhost:58264/resources/css/bootstrap-responsive.css' [307:5] Error in declaration. '*' is not allowed as first char of a property.
Oct 21, 2021 9:23:14 AM com.gargoylesoftware.htmlunit.DefaultCssErrorHandler error
WARNING: CSS error: 'http://localhost:58264/resources/css/bootstrap-responsive.css' [311:5] Error in declaration. '*' is not allowed as first char of a property.
Oct 21, 2021 9:23:14 AM com.gargoylesoftware.htmlunit.DefaultCssErrorHandler error
WARNING: CSS error: 'http://localhost:58264/resources/css/bootstrap-responsive.css' [315:5] Error in declaration. '*' is not allowed as first char of a property.
Oct 21, 2021 9:23:14 AM com.gargoylesoftware.htmlunit.DefaultCssErrorHandler error
WARNING: CSS error: 'http://localhost:58264/resources/css/bootstrap-responsive.css' [319:5] Error in declaration. '*' is not allowed as first char of a property.
Oct 21, 2021 9:23:14 AM com.gargoylesoftware.htmlunit.DefaultCssErrorHandler error
WARNING: CSS error: 'http://localhost:58264/resources/css/bootstrap-responsive.css' [323:5] Error in declaration. '*' is not allowed as first char of a property.
Oct 21, 2021 9:23:14 AM com.gargoylesoftware.htmlunit.DefaultCssErrorHandler error
WARNING: CSS error: 'http://localhost:58264/resources/css/bootstrap-responsive.css' [327:5] Error in declaration. '*' is not allowed as first char of a property.
Oct 21, 2021 9:23:14 AM com.gargoylesoftware.htmlunit.DefaultCssErrorHandler error
WARNING: CSS error: 'http://localhost:58264/resources/css/bootstrap-responsive.css' [331:5] Error in declaration. '*' is not allowed as first char of a property.
Oct 21, 2021 9:23:14 AM com.gargoylesoftware.htmlunit.DefaultCssErrorHandler error
WARNING: CSS error: 'http://localhost:58264/resources/css/bootstrap-responsive.css' [335:5] Error in declaration. '*' is not allowed as first char of a property.
Oct 21, 2021 9:23:14 AM com.gargoylesoftware.htmlunit.DefaultCssErrorHandler error
WARNING: CSS error: 'http://localhost:58264/resources/css/bootstrap-responsive.css' [339:5] Error in declaration. '*' is not allowed as first char of a property.
Oct 21, 2021 9:23:14 AM com.gargoylesoftware.htmlunit.DefaultCssErrorHandler error
WARNING: CSS error: 'http://localhost:58264/resources/css/bootstrap-responsive.css' [343:5] Error in declaration. '*' is not allowed as first char of a property.
Oct 21, 2021 9:23:14 AM com.gargoylesoftware.htmlunit.DefaultCssErrorHandler error
WARNING: CSS error: 'http://localhost:58264/resources/css/bootstrap-responsive.css' [347:5] Error in declaration. '*' is not allowed as first char of a property.
Oct 21, 2021 9:23:14 AM com.gargoylesoftware.htmlunit.DefaultCssErrorHandler error
WARNING: CSS error: 'http://localhost:58264/resources/css/bootstrap-responsive.css' [351:5] Error in declaration. '*' is not allowed as first char of a property.
Oct 21, 2021 9:23:14 AM com.gargoylesoftware.htmlunit.DefaultCssErrorHandler error
WARNING: CSS error: 'http://localhost:58264/resources/css/bootstrap-responsive.css' [355:5] Error in declaration. '*' is not allowed as first char of a property.
Oct 21, 2021 9:23:14 AM com.gargoylesoftware.htmlunit.DefaultCssErrorHandler error
WARNING: CSS error: 'http://localhost:58264/resources/css/bootstrap-responsive.css' [359:5] Error in declaration. '*' is not allowed as first char of a property.
Oct 21, 2021 9:23:14 AM com.gargoylesoftware.htmlunit.DefaultCssErrorHandler error
WARNING: CSS error: 'http://localhost:58264/resources/css/bootstrap-responsive.css' [363:5] Error in declaration. '*' is not allowed as first char of a property.
Oct 21, 2021 9:23:14 AM com.gargoylesoftware.htmlunit.DefaultCssErrorHandler error
WARNING: CSS error: 'http://localhost:58264/resources/css/bootstrap-responsive.css' [367:5] Error in declaration. '*' is not allowed as first char of a property.
Oct 21, 2021 9:23:14 AM com.gargoylesoftware.htmlunit.DefaultCssErrorHandler error
WARNING: CSS error: 'http://localhost:58264/resources/css/bootstrap-responsive.css' [451:5] Error in declaration. '*' is not allowed as first char of a property.
Oct 21, 2021 9:23:14 AM com.gargoylesoftware.htmlunit.DefaultCssErrorHandler error
WARNING: CSS error: 'http://localhost:58264/resources/css/bootstrap-responsive.css' [547:5] Error in declaration. '*' is not allowed as first char of a property.
Oct 21, 2021 9:23:14 AM com.gargoylesoftware.htmlunit.DefaultCssErrorHandler error
WARNING: CSS error: 'http://localhost:58264/resources/css/bootstrap-responsive.css' [564:5] Error in declaration. '*' is not allowed as first char of a property.
Oct 21, 2021 9:23:14 AM com.gargoylesoftware.htmlunit.DefaultCssErrorHandler error
WARNING: CSS error: 'http://localhost:58264/resources/css/bootstrap-responsive.css' [577:5] Error in declaration. '*' is not allowed as first char of a property.
Oct 21, 2021 9:23:14 AM com.gargoylesoftware.htmlunit.DefaultCssErrorHandler error
WARNING: CSS error: 'http://localhost:58264/resources/css/bootstrap-responsive.css' [581:5] Error in declaration. '*' is not allowed as first char of a property.
Oct 21, 2021 9:23:14 AM com.gargoylesoftware.htmlunit.DefaultCssErrorHandler error
WARNING: CSS error: 'http://localhost:58264/resources/css/bootstrap-responsive.css' [585:5] Error in declaration. '*' is not allowed as first char of a property.
Oct 21, 2021 9:23:14 AM com.gargoylesoftware.htmlunit.DefaultCssErrorHandler error
WARNING: CSS error: 'http://localhost:58264/resources/css/bootstrap-responsive.css' [589:5] Error in declaration. '*' is not allowed as first char of a property.
Oct 21, 2021 9:23:14 AM com.gargoylesoftware.htmlunit.DefaultCssErrorHandler error
WARNING: CSS error: 'http://localhost:58264/resources/css/bootstrap-responsive.css' [593:5] Error in declaration. '*' is not allowed as first char of a property.
Oct 21, 2021 9:23:14 AM com.gargoylesoftware.htmlunit.DefaultCssErrorHandler error
WARNING: CSS error: 'http://localhost:58264/resources/css/bootstrap-responsive.css' [597:5] Error in declaration. '*' is not allowed as first char of a property.
Oct 21, 2021 9:23:14 AM com.gargoylesoftware.htmlunit.DefaultCssErrorHandler error
WARNING: CSS error: 'http://localhost:58264/resources/css/bootstrap-responsive.css' [601:5] Error in declaration. '*' is not allowed as first char of a property.
Oct 21, 2021 9:23:14 AM com.gargoylesoftware.htmlunit.DefaultCssErrorHandler error
WARNING: CSS error: 'http://localhost:58264/resources/css/bootstrap-responsive.css' [605:5] Error in declaration. '*' is not allowed as first char of a property.
Oct 21, 2021 9:23:14 AM com.gargoylesoftware.htmlunit.DefaultCssErrorHandler error
WARNING: CSS error: 'http://localhost:58264/resources/css/bootstrap-responsive.css' [609:5] Error in declaration. '*' is not allowed as first char of a property.
Oct 21, 2021 9:23:14 AM com.gargoylesoftware.htmlunit.DefaultCssErrorHandler error
WARNING: CSS error: 'http://localhost:58264/resources/css/bootstrap-responsive.css' [613:5] Error in declaration. '*' is not allowed as first char of a property.
Oct 21, 2021 9:23:14 AM com.gargoylesoftware.htmlunit.DefaultCssErrorHandler error
WARNING: CSS error: 'http://localhost:58264/resources/css/bootstrap-responsive.css' [617:5] Error in declaration. '*' is not allowed as first char of a property.
Oct 21, 2021 9:23:14 AM com.gargoylesoftware.htmlunit.DefaultCssErrorHandler error
WARNING: CSS error: 'http://localhost:58264/resources/css/bootstrap-responsive.css' [621:5] Error in declaration. '*' is not allowed as first char of a property.
Oct 21, 2021 9:23:14 AM com.gargoylesoftware.htmlunit.DefaultCssErrorHandler error
WARNING: CSS error: 'http://localhost:58264/resources/css/bootstrap-responsive.css' [625:5] Error in declaration. '*' is not allowed as first char of a property.
Oct 21, 2021 9:23:14 AM com.gargoylesoftware.htmlunit.DefaultCssErrorHandler error
WARNING: CSS error: 'http://localhost:58264/resources/css/bootstrap-responsive.css' [629:5] Error in declaration. '*' is not allowed as first char of a property.
Oct 21, 2021 9:23:14 AM com.gargoylesoftware.htmlunit.DefaultCssErrorHandler error
WARNING: CSS error: 'http://localhost:58264/resources/css/bootstrap-responsive.css' [633:5] Error in declaration. '*' is not allowed as first char of a property.
Oct 21, 2021 9:23:14 AM com.gargoylesoftware.htmlunit.DefaultCssErrorHandler error
WARNING: CSS error: 'http://localhost:58264/resources/css/bootstrap-responsive.css' [637:5] Error in declaration. '*' is not allowed as first char of a property.
Oct 21, 2021 9:23:14 AM com.gargoylesoftware.htmlunit.DefaultCssErrorHandler error
WARNING: CSS error: 'http://localhost:58264/resources/css/bootstrap-responsive.css' [641:5] Error in declaration. '*' is not allowed as first char of a property.
Oct 21, 2021 9:23:14 AM com.gargoylesoftware.htmlunit.DefaultCssErrorHandler error
WARNING: CSS error: 'http://localhost:58264/resources/css/bootstrap-responsive.css' [645:5] Error in declaration. '*' is not allowed as first char of a property.
Oct 21, 2021 9:23:14 AM com.gargoylesoftware.htmlunit.DefaultCssErrorHandler error
WARNING: CSS error: 'http://localhost:58264/resources/css/bootstrap-responsive.css' [649:5] Error in declaration. '*' is not allowed as first char of a property.
Oct 21, 2021 9:23:14 AM com.gargoylesoftware.htmlunit.DefaultCssErrorHandler error
WARNING: CSS error: 'http://localhost:58264/resources/css/bootstrap-responsive.css' [653:5] Error in declaration. '*' is not allowed as first char of a property.
Oct 21, 2021 9:23:14 AM com.gargoylesoftware.htmlunit.DefaultCssErrorHandler error
WARNING: CSS error: 'http://localhost:58264/resources/css/bootstrap-responsive.css' [657:5] Error in declaration. '*' is not allowed as first char of a property.
Oct 21, 2021 9:23:14 AM com.gargoylesoftware.htmlunit.DefaultCssErrorHandler error
WARNING: CSS error: 'http://localhost:58264/resources/css/bootstrap-responsive.css' [661:5] Error in declaration. '*' is not allowed as first char of a property.
Oct 21, 2021 9:23:14 AM com.gargoylesoftware.htmlunit.DefaultCssErrorHandler error
WARNING: CSS error: 'http://localhost:58264/resources/css/bootstrap-responsive.css' [665:5] Error in declaration. '*' is not allowed as first char of a property.
Oct 21, 2021 9:23:14 AM com.gargoylesoftware.htmlunit.DefaultCssErrorHandler error
WARNING: CSS error: 'http://localhost:58264/resources/css/bootstrap-responsive.css' [669:5] Error in declaration. '*' is not allowed as first char of a property.
Oct 21, 2021 9:23:14 AM com.gargoylesoftware.htmlunit.DefaultCssErrorHandler error
WARNING: CSS error: 'http://localhost:58264/resources/css/bootstrap-responsive.css' [673:5] Error in declaration. '*' is not allowed as first char of a property.
Oct 21, 2021 9:23:14 AM com.gargoylesoftware.htmlunit.DefaultCssErrorHandler error
WARNING: CSS error: 'http://localhost:58264/resources/css/bootstrap-responsive.css' [677:5] Error in declaration. '*' is not allowed as first char of a property.
Oct 21, 2021 9:23:14 AM com.gargoylesoftware.htmlunit.DefaultCssErrorHandler error
WARNING: CSS error: 'http://localhost:58264/resources/css/bootstrap-responsive.css' [681:5] Error in declaration. '*' is not allowed as first char of a property.
Oct 21, 2021 9:23:14 AM com.gargoylesoftware.htmlunit.DefaultCssErrorHandler error
WARNING: CSS error: 'http://localhost:58264/resources/css/bootstrap-responsive.css' [685:5] Error in declaration. '*' is not allowed as first char of a property.
Oct 21, 2021 9:23:14 AM com.gargoylesoftware.htmlunit.DefaultCssErrorHandler error
WARNING: CSS error: 'http://localhost:58264/resources/css/bootstrap-responsive.css' [689:5] Error in declaration. '*' is not allowed as first char of a property.
Oct 21, 2021 9:23:14 AM com.gargoylesoftware.htmlunit.DefaultCssErrorHandler error
WARNING: CSS error: 'http://localhost:58264/resources/css/bootstrap-responsive.css' [693:5] Error in declaration. '*' is not allowed as first char of a property.
Oct 21, 2021 9:23:14 AM com.gargoylesoftware.htmlunit.DefaultCssErrorHandler error
WARNING: CSS error: 'http://localhost:58264/resources/css/bootstrap-responsive.css' [697:5] Error in declaration. '*' is not allowed as first char of a property.
Oct 21, 2021 9:23:14 AM com.gargoylesoftware.htmlunit.DefaultCssErrorHandler error
WARNING: CSS error: 'http://localhost:58264/resources/css/bootstrap-responsive.css' [701:5] Error in declaration. '*' is not allowed as first char of a property.
Oct 21, 2021 9:23:14 AM com.gargoylesoftware.htmlunit.DefaultCssErrorHandler error
WARNING: CSS error: 'http://localhost:58264/resources/css/bootstrap-responsive.css' [705:5] Error in declaration. '*' is not allowed as first char of a property.
Oct 21, 2021 9:23:14 AM com.gargoylesoftware.htmlunit.DefaultCssErrorHandler error
WARNING: CSS error: 'http://localhost:58264/resources/css/bootstrap-responsive.css' [709:5] Error in declaration. '*' is not allowed as first char of a property.
Oct 21, 2021 9:23:14 AM com.gargoylesoftware.htmlunit.DefaultCssErrorHandler error
WARNING: CSS error: 'http://localhost:58264/resources/css/bootstrap-responsive.css' [713:5] Error in declaration. '*' is not allowed as first char of a property.
Oct 21, 2021 9:23:14 AM com.gargoylesoftware.htmlunit.DefaultCssErrorHandler error
WARNING: CSS error: 'http://localhost:58264/resources/css/bootstrap-responsive.css' [717:5] Error in declaration. '*' is not allowed as first char of a property.
]]></system-err>
</testsuite>
